Report 'report_mcmm_variation': MCMM Variation
Generated on Thu May 6 03:18:32 2021
  
------------------------------------------------------------
| MCMM variability report for design 'Neuron_Layer' (nano) |
|----------------------------------------------------------|
| MODE CORNER WNS TNS #Endpts WHS THS #Endpts              | 
------------------------------------------------------------


info UI33: performed report_mcmm_variation for 0 sec (CPU time: 0 sec; MEM: RSS - 249M, CVMEM - 1692M, PVMEM - 1870M)
Report 'report_path_group': Path Group
Generated on Thu May 6 03:18:32 2021
  
-------------------------------------------------------------------------------------------
|                               PATH GROUPS (SETUP) (nano)                                |
|-----------------------------------------------------------------------------------------|
| QOR Weight Margin TNS Range Endpoints Violating Endpoints Violating Endpoints % WNS TNS | 
-------------------------------------------------------------------------------------------


info UI33: performed report_path_group for 0 sec (CPU time: 0 sec; MEM: RSS - 249M, CVMEM - 1692M, PVMEM - 1870M)
SLACK HISTOGRAM
---------------
Select : SELECT_LATE

---------------------------------------------
| Slack           # End Pts Total # End Pts | 
|-------------------------------------------|
| 0.0000 - 0.4990 32        32              | 
| 0.5000 - 0.9990 34        66              | 
---------------------------------------------


info UI33: performed report_slack_histogram for 0 sec (CPU time: 0 sec; MEM: RSS - 249M, CVMEM - 1692M, PVMEM - 1870M)
Report 'report_path_group': Path Group
Generated on Thu May 6 03:18:32 2021
  
-------------------------------------------------------------------------------------------
|                                PATH GROUPS (HOLD) (nano)                                |
|-----------------------------------------------------------------------------------------|
| QOR Weight Margin TNS Range Endpoints Violating Endpoints Violating Endpoints % WNS TNS | 
-------------------------------------------------------------------------------------------


info UI33: performed report_path_group for 0 sec (CPU time: 0 sec; MEM: RSS - 249M, CVMEM - 1692M, PVMEM - 1870M)
SLACK HISTOGRAM
---------------
Select : SELECT_EARLY

---------------------------------------------
| Slack           # End Pts Total # End Pts | 
|-------------------------------------------|
| 0.0000 - 0.7490 65        65              | 
| 0.7500 - 1.4990 1         66              | 
---------------------------------------------


info UI33: performed report_slack_histogram for 0 sec (CPU time: 0 sec; MEM: RSS - 249M, CVMEM - 1692M, PVMEM - 1870M)
Report 'report_mcmm_variation': MCMM Variation
Generated on Thu May 6 03:20:56 2021
  
------------------------------------------------------------
| MCMM variability report for design 'Neuron_Layer' (nano) |
|----------------------------------------------------------|
| MODE CORNER WNS TNS #Endpts WHS THS #Endpts              | 
------------------------------------------------------------


info UI33: performed report_mcmm_variation for 0 sec (CPU time: 0 sec; MEM: RSS - 250M, CVMEM - 1692M, PVMEM - 1870M)
Report 'report_path_group': Path Group
Generated on Thu May 6 03:20:56 2021
  
-------------------------------------------------------------------------------------------
|                               PATH GROUPS (SETUP) (nano)                                |
|-----------------------------------------------------------------------------------------|
| QOR Weight Margin TNS Range Endpoints Violating Endpoints Violating Endpoints % WNS TNS | 
-------------------------------------------------------------------------------------------


info UI33: performed report_path_group for 0 sec (CPU time: 0 sec; MEM: RSS - 250M, CVMEM - 1692M, PVMEM - 1870M)
SLACK HISTOGRAM
---------------
Select : SELECT_LATE

---------------------------------------------
| Slack           # End Pts Total # End Pts | 
|-------------------------------------------|
| 0.0000 - 0.4990 32        32              | 
| 0.5000 - 0.9990 34        66              | 
---------------------------------------------


info UI33: performed report_slack_histogram for 0 sec (CPU time: 0 sec; MEM: RSS - 250M, CVMEM - 1692M, PVMEM - 1870M)
Report 'report_path_group': Path Group
Generated on Thu May 6 03:20:56 2021
  
-------------------------------------------------------------------------------------------
|                                PATH GROUPS (HOLD) (nano)                                |
|-----------------------------------------------------------------------------------------|
| QOR Weight Margin TNS Range Endpoints Violating Endpoints Violating Endpoints % WNS TNS | 
-------------------------------------------------------------------------------------------


info UI33: performed report_path_group for 0 sec (CPU time: 0 sec; MEM: RSS - 250M, CVMEM - 1692M, PVMEM - 1870M)
SLACK HISTOGRAM
---------------
Select : SELECT_EARLY

---------------------------------------------
| Slack           # End Pts Total # End Pts | 
|-------------------------------------------|
| 0.0000 - 0.7490 65        65              | 
| 0.7500 - 1.4990 1         66              | 
---------------------------------------------


info UI33: performed report_slack_histogram for 0 sec (CPU time: 0 sec; MEM: RSS - 250M, CVMEM - 1692M, PVMEM - 1870M)
