Report 'report_mcmm_variation': MCMM Variation
Generated on Thu May 6 07:37:59 2021
  
------------------------------------------------------------
| MCMM variability report for design 'Neuron_Layer' (nano) |
|----------------------------------------------------------|
| MODE CORNER WNS TNS #Endpts WHS THS #Endpts              | 
------------------------------------------------------------


info UI33: performed report_mcmm_variation for 4 sec (CPU time: 1 sec; MEM: RSS - 326M, CVMEM - 1692M, PVMEM - 1839M)
Report 'report_path_group': Path Group
Generated on Thu May 6 07:37:59 2021
  
-------------------------------------------------------------------------------------------
|                               PATH GROUPS (SETUP) (nano)                                |
|-----------------------------------------------------------------------------------------|
| QOR Weight Margin TNS Range Endpoints Violating Endpoints Violating Endpoints % WNS TNS | 
-------------------------------------------------------------------------------------------


info UI33: performed report_path_group for 0 sec (CPU time: 0 sec; MEM: RSS - 326M, CVMEM - 1692M, PVMEM - 1839M)
SLACK HISTOGRAM
---------------
Select : SELECT_LATE

---------------------------------------------
| Slack           # End Pts Total # End Pts | 
|-------------------------------------------|
| 0.0000 - 0.4990 3890      3890            | 
| 0.5000 - 0.9990 70        3960            | 
---------------------------------------------


info UI33: performed report_slack_histogram for 0 sec (CPU time: 0 sec; MEM: RSS - 327M, CVMEM - 1692M, PVMEM - 1839M)
Report 'report_path_group': Path Group
Generated on Thu May 6 07:38:00 2021
  
-------------------------------------------------------------------------------------------
|                                PATH GROUPS (HOLD) (nano)                                |
|-----------------------------------------------------------------------------------------|
| QOR Weight Margin TNS Range Endpoints Violating Endpoints Violating Endpoints % WNS TNS | 
-------------------------------------------------------------------------------------------


info UI33: performed report_path_group for 0 sec (CPU time: 0 sec; MEM: RSS - 327M, CVMEM - 1692M, PVMEM - 1839M)
SLACK HISTOGRAM
---------------
Select : SELECT_EARLY

---------------------------------------------
| Slack           # End Pts Total # End Pts | 
|-------------------------------------------|
| 0.0000 - 0.9990 3960      3960            | 
---------------------------------------------


info UI33: performed report_slack_histogram for 0 sec (CPU time: 0 sec; MEM: RSS - 327M, CVMEM - 1692M, PVMEM - 1839M)
Report 'report_mcmm_variation': MCMM Variation
Generated on Thu May 6 07:51:50 2021
  
------------------------------------------------------------
| MCMM variability report for design 'Neuron_Layer' (nano) |
|----------------------------------------------------------|
| MODE CORNER WNS TNS #Endpts WHS THS #Endpts              | 
------------------------------------------------------------


info UI33: performed report_mcmm_variation for 1 sec (CPU time: 0 sec; MEM: RSS - 338M, CVMEM - 1692M, PVMEM - 1839M)
Report 'report_path_group': Path Group
Generated on Thu May 6 07:51:50 2021
  
-------------------------------------------------------------------------------------------
|                               PATH GROUPS (SETUP) (nano)                                |
|-----------------------------------------------------------------------------------------|
| QOR Weight Margin TNS Range Endpoints Violating Endpoints Violating Endpoints % WNS TNS | 
-------------------------------------------------------------------------------------------


info UI33: performed report_path_group for 0 sec (CPU time: 0 sec; MEM: RSS - 338M, CVMEM - 1692M, PVMEM - 1839M)
SLACK HISTOGRAM
---------------
Select : SELECT_LATE

---------------------------------------------
| Slack           # End Pts Total # End Pts | 
|-------------------------------------------|
| 0.0000 - 0.4990 3906      3906            | 
| 0.5000 - 0.9990 54        3960            | 
---------------------------------------------


info UI33: performed report_slack_histogram for 0 sec (CPU time: 0 sec; MEM: RSS - 338M, CVMEM - 1692M, PVMEM - 1839M)
Report 'report_path_group': Path Group
Generated on Thu May 6 07:51:51 2021
  
-------------------------------------------------------------------------------------------
|                                PATH GROUPS (HOLD) (nano)                                |
|-----------------------------------------------------------------------------------------|
| QOR Weight Margin TNS Range Endpoints Violating Endpoints Violating Endpoints % WNS TNS | 
-------------------------------------------------------------------------------------------


info UI33: performed report_path_group for 0 sec (CPU time: 0 sec; MEM: RSS - 338M, CVMEM - 1692M, PVMEM - 1839M)
SLACK HISTOGRAM
---------------
Select : SELECT_EARLY

---------------------------------------------
| Slack           # End Pts Total # End Pts | 
|-------------------------------------------|
| 0.0000 - 0.9990 3960      3960            | 
---------------------------------------------


info UI33: performed report_slack_histogram for 0 sec (CPU time: 0 sec; MEM: RSS - 338M, CVMEM - 1692M, PVMEM - 1839M)
