Report 'report_mcmm_variation': MCMM Variation
Generated on Thu May 6 05:23:10 2021
  
-------------------------------------------------------------------
|       MCMM variability report for design 'Softmax' (nano)       |
|-----------------------------------------------------------------|
| MODE     CORNER     WNS     TNS      #Endpts WHS THS    #Endpts | 
|-----------------------------------------------------------------|
| new_mode corner_0_0 -4.9380 -78.7700 16      --- 0.0000 0       | 
-------------------------------------------------------------------


info UI33: performed report_mcmm_variation for 0 sec (CPU time: 0 sec; MEM: RSS - 298M, CVMEM - 1692M, PVMEM - 1870M)
Report 'report_path_group': Path Group
Generated on Thu May 6 05:23:10 2021
  
-----------------------------------------------------------------------------------------------------------------------
|                                             PATH GROUPS (SETUP) (nano)                                              |
|---------------------------------------------------------------------------------------------------------------------|
|                  | QOR Weight Margin TNS Range Endpoints Violating Endpoints Violating Endpoints % WNS     TNS      | 
|---------------------------------------------------------------------------------------------------------------------|
| **global**       |     1             0.1000    16        16                  100                   -4.9380 -78.7700 | 
| **qor**          |     1             0.1000    16        16                  100                   -4.9380 -78.7700 | 
| **feedthroughs** | *   1             0.1000    16        16                  100                   -4.9380 -78.7700 | 
-----------------------------------------------------------------------------------------------------------------------


info UI33: performed report_path_group for 0 sec (CPU time: 0 sec; MEM: RSS - 298M, CVMEM - 1692M, PVMEM - 1870M)
SLACK HISTOGRAM
---------------
Select : SELECT_LATE

-----------------------------------------------
| Slack             # End Pts Total # End Pts | 
|---------------------------------------------|
| -5.0000 - -4.9010 14        14              | 
| -4.9000 - -4.8010 2         16              | 
| -4.8000 - -4.7010 0         16              | 
| -4.7000 - -4.6010 0         16              | 
| -4.6000 - -4.5010 0         16              | 
| -4.5000 - -4.4010 0         16              | 
| -4.4000 - -4.3010 0         16              | 
| -4.3000 - -4.2010 0         16              | 
| -4.2000 - -4.1010 0         16              | 
| -4.1000 - -4.0010 0         16              | 
| -4.0000 - -3.9010 0         16              | 
| -3.9000 - -3.8010 0         16              | 
| -3.8000 - -3.7010 0         16              | 
| -3.7000 - -3.6010 0         16              | 
| -3.6000 - -3.5010 0         16              | 
| -3.5000 - -3.4010 0         16              | 
| -3.4000 - -3.3010 0         16              | 
| -3.3000 - -3.2010 0         16              | 
| -3.2000 - -3.1010 0         16              | 
| -3.1000 - -3.0010 0         16              | 
| -3.0000 - -2.9010 0         16              | 
| -2.9000 - -2.8010 0         16              | 
| -2.8000 - -2.7010 0         16              | 
| -2.7000 - -2.6010 0         16              | 
| -2.6000 - -2.5010 0         16              | 
| -2.5000 - -2.4010 0         16              | 
| -2.4000 - -2.3010 0         16              | 
| -2.3000 - -2.2010 0         16              | 
| -2.2000 - -2.1010 0         16              | 
| -2.1000 - -2.0010 0         16              | 
| -2.0000 - -1.9010 0         16              | 
| -1.9000 - -1.8010 0         16              | 
| -1.8000 - -1.7010 0         16              | 
| -1.7000 - -1.6010 0         16              | 
| -1.6000 - -1.5010 0         16              | 
| -1.5000 - -1.4010 0         16              | 
| -1.4000 - -1.3010 0         16              | 
| -1.3000 - -1.2010 0         16              | 
| -1.2000 - -1.1010 0         16              | 
| -1.1000 - -1.0010 0         16              | 
| -1.0000 - -0.9010 0         16              | 
| -0.9000 - -0.8010 0         16              | 
| -0.8000 - -0.7010 0         16              | 
| -0.7000 - -0.6010 0         16              | 
| -0.6000 - -0.5010 0         16              | 
| -0.5000 - -0.4010 0         16              | 
| -0.4000 - -0.3010 0         16              | 
| -0.3000 - -0.2010 0         16              | 
| -0.2000 - -0.1010 0         16              | 
| -0.1000 - -0.0010 0         16              | 
-----------------------------------------------


info UI33: performed report_slack_histogram for 0 sec (CPU time: 0 sec; MEM: RSS - 298M, CVMEM - 1692M, PVMEM - 1870M)
Report 'report_path_group': Path Group
Generated on Thu May 6 05:23:10 2021
  
-------------------------------------------------------------------------------------------
|                                PATH GROUPS (HOLD) (nano)                                |
|-----------------------------------------------------------------------------------------|
| QOR Weight Margin TNS Range Endpoints Violating Endpoints Violating Endpoints % WNS TNS | 
-------------------------------------------------------------------------------------------


info UI33: performed report_path_group for 0 sec (CPU time: 0 sec; MEM: RSS - 298M, CVMEM - 1692M, PVMEM - 1870M)
SLACK HISTOGRAM
---------------
Select : SELECT_EARLY

---------------------------------------------
| Slack           # End Pts Total # End Pts | 
|-------------------------------------------|
| 0.0000 - 0.9990 0         0               | 
| 1.0000 - 1.9990 16        16              | 
---------------------------------------------


info UI33: performed report_slack_histogram for 0 sec (CPU time: 0 sec; MEM: RSS - 298M, CVMEM - 1692M, PVMEM - 1870M)
