
######################################################
#  Export Flow                                       #
# Version : 2019.1.R2                                #
#  Fix process antennas, add fillers & metal fill    #
#  Output design data.                               #
#  Control vars defined in flow_variables.tcl        #
#                                                    #
######################################################

Nitro-SoC> # config_shell -echo_script false
info UI33: performed source of flow_variables.tcl for 0 sec (CPU time: 0 sec; MEM: RSS - 257M, CVMEM - 1693M, PVMEM - 1870M)
info UI33: performed source of scr/kit_utils.tcl for 0 sec (CPU time: 0 sec; MEM: RSS - 257M, CVMEM - 1693M, PVMEM - 1870M)
Loading utility util::nrf_utils
  util::save_vars already loaded.  Use -force true to overwrite
Loading utility util::db_utils
NRF info: Checking flow variables for export
NRF info: Verifying user input for export
Storing TCL variables as db root property
info UI33: performed source of nrf_customization.tcl for 0 sec (CPU time: 0 sec; MEM: RSS - 257M, CVMEM - 1693M, PVMEM - 1870M)
warning UI4: Only 1 cores are available; the -cpus argument was set to 2.
Checking Antenna rules:
  OXIDE1:
metal1:
  No rules are defined
metal2:
  No rules are defined
metal3:
  No rules are defined
metal4:
  No rules are defined
metal5:
  No rules are defined
metal6:
  No rules are defined
metal7:
  No rules are defined
metal8:
  No rules are defined
metal9:
  No rules are defined
metal10:
  No rules are defined

Checking Antenna library:
Preparing nets ...
Processing nets: 10% 20% 30% 40% 50% 60% 70% 80% 90% 100% 
  All pins have Antenna area information

Antenna verification progress:
Preparing nets ...
Processing nets: 10% 20% 30% 40% 50% 60% 70% 80% 90% 100% 
Skip 67 nets with insufficient antenna information.

Report 'report_ant': Report Antenna
Generated on Thu May 6 03:26:33 2021
  
----------------------------------------------------------------------------------------------------
|                                   Antenna verification report                                    |
|-------+--------+--------+--------+--------+--------+--------+--------+--------+--------+---------|
| TOTAL | metal1 | metal2 | metal3 | metal4 | metal5 | metal6 | metal7 | metal8 | metal9 | metal10 | 
----------------------------------------------------------------------------------------------------


info UI33: performed Antenna verification for 0 sec (CPU time: 0 sec; MEM: RSS - 257M, CVMEM - 1693M, PVMEM - 1870M)
warning UI4: Only 1 cores are available; the -cpus argument was set to 2.
Antenna fixing progress:
Preparing nets ...
Processing nets: 10% 20% 30% 40% 50% 60% 70% 80% 90% 100% 
Skip 67 nets with insufficient antenna information.


Incremental timing update of 0 nets
Report 'report_ant': Report Antenna
Generated on Thu May 6 03:26:33 2021
  
----------------------------------------------------------------------------------------------------
|                                   Antenna verification report                                    |
|-------+--------+--------+--------+--------+--------+--------+--------+--------+--------+---------|
| TOTAL | metal1 | metal2 | metal3 | metal4 | metal5 | metal6 | metal7 | metal8 | metal9 | metal10 | 
----------------------------------------------------------------------------------------------------


info UI33: performed Antenna fixing for 0 sec (CPU time: 0 sec; MEM: RSS - 257M, CVMEM - 1693M, PVMEM - 1870M)
info DRC201: Only violations caused by detail_route shapes are being checked.
DRC verification progress:
Processing metal1: 100% 
Processing metal2: 100% 
Processing metal3: 100% 
Processing metal4: 100% 
Processing metal5: 100% 
Processing metal6: 100% 
Processing metal7: 100% 
Processing metal8: 100% 
Processing metal9: 100% 
Processing metal10: 100% 

Report 'report_drc': Report Drc
Generated on Thu May 6 03:26:34 2021
  
----------------------------------------------------------------------------------------------------------------------------
|                                                 DRC verification report                                                  |
|-----------------------+-------+--------+--------+--------+--------+--------+--------+--------+--------+--------+---------|
|                       | TOTAL | metal1 | metal2 | metal3 | metal4 | metal5 | metal6 | metal7 | metal8 | metal9 | metal10 | 
|-----------------------+-------+--------+--------+--------+--------+--------+--------+--------+--------+--------+---------|
| Grid                  | 0     | 0      | 0      | 0      | 0      | 0      | 0      | 0      | 0      | 0      | 0       | 
|-----------------------+-------+--------+--------+--------+--------+--------+--------+--------+--------+--------+---------|
| Width                 | 0     | 0      | 0      | 0      | 0      | 0      | 0      | 0      | 0      | 0      | 0       | 
|-----------------------+-------+--------+--------+--------+--------+--------+--------+--------+--------+--------+---------|
| Minimum samenet space | 0     | 0      | 0      | 0      | 0      | 0      | 0      | 0      | 0      | 0      | 0       | 
|-----------------------+-------+--------+--------+--------+--------+--------+--------+--------+--------+--------+---------|
| Fat samenet space     | 0     | -      | 0      | 0      | 0      | 0      | 0      | 0      | 0      | 0      | 0       | 
|-----------------------+-------+--------+--------+--------+--------+--------+--------+--------+--------+--------+---------|
| Minimum diffnet space | 0     | 0      | 0      | 0      | 0      | 0      | 0      | 0      | 0      | 0      | 0       | 
|-----------------------+-------+--------+--------+--------+--------+--------+--------+--------+--------+--------+---------|
| Fat diffnet space     | 0     | -      | 0      | 0      | 0      | 0      | 0      | 0      | 0      | 0      | 0       | 
|-----------------------+-------+--------+--------+--------+--------+--------+--------+--------+--------+--------+---------|
| Diffnet short         | 0     | 0      | 0      | 0      | 0      | 0      | 0      | 0      | 0      | 0      | 0       | 
|-----------------------+-------+--------+--------+--------+--------+--------+--------+--------+--------+--------+---------|
| Prohibited routing    | 0     | 0      | 0      | 0      | 0      | 0      | 0      | 0      | 0      | 0      | 0       | 
|-----------------------+-------+--------+--------+--------+--------+--------+--------+--------+--------+--------+---------|
|                       | TOTAL | CO     | via1   | via2   | via3   | via4   | via5   | via6   | via7   | via8   | via9    | 
|-----------------------+-------+--------+--------+--------+--------+--------+--------+--------+--------+--------+---------|
| Grid                  | 0     | 0      | 0      | 0      | 0      | 0      | 0      | 0      | 0      | 0      | 0       | 
|-----------------------+-------+--------+--------+--------+--------+--------+--------+--------+--------+--------+---------|
| Size                  | 0     | -      | 0      | 0      | 0      | 0      | 0      | 0      | 0      | 0      | 0       | 
|-----------------------+-------+--------+--------+--------+--------+--------+--------+--------+--------+--------+---------|
| Minimum space         | 0     | 0      | 0      | 0      | 0      | 0      | 0      | 0      | 0      | 0      | 0       | 
----------------------------------------------------------------------------------------------------------------------------


info UI33: performed DRC verification for 0 sec (CPU time: 0 sec; MEM: RSS - 257M, CVMEM - 1693M, PVMEM - 1870M)
NRF info: Placing filler cells using lib cells: FILLCELL_X8 FILLCELL_X4 FILLCELL_X32 FILLCELL_X2 FILLCELL_X16 FILLCELL_X1

warning UI4: Only 1 cores are available; the -cpus argument was set to 2.
info Removing existing filler cells.
info UI49: removed 0 core filler cells
info UI49: inserted 17 core filler cells
info DUM207: place_filler_cells: re-initialized cell-density map for partition Neuron_Layer old bin-size 8x8 rows new bin-size 8x8 rows.
info DUM203: place_filler_cells: created cell-density map for partition Neuron_Layer with max-util 100 and bin-size 8x8 rows.
info UI33: performed core filler cells placement for 0 sec (CPU time: 0 sec; MEM: RSS - 258M, CVMEM - 1693M, PVMEM - 1870M)
NRF info: Checking for unfilled gaps after filler cell insertion
info UI49: Found 0 unfilled gaps (0 minimum sites).
info UI33: performed check_unfilled_gaps for 0 sec (CPU time: 0 sec; MEM: RSS - 258M, CVMEM - 1693M, PVMEM - 1870M)
info DRC201: Only violations caused by detail_route shapes are being checked.
DRC verification progress:
Processing metal1: 100% 
Processing metal2: 100% 
Processing metal3: 100% 
Processing metal4: 100% 
Processing metal5: 100% 
Processing metal6: 100% 
Processing metal7: 100% 
Processing metal8: 100% 
Processing metal9: 100% 
Processing metal10: 100% 

Report 'report_drc': Report Drc
Generated on Thu May 6 03:26:34 2021
  
----------------------------------------------------------------------------------------------------------------------------
|                                                 DRC verification report                                                  |
|-----------------------+-------+--------+--------+--------+--------+--------+--------+--------+--------+--------+---------|
|                       | TOTAL | metal1 | metal2 | metal3 | metal4 | metal5 | metal6 | metal7 | metal8 | metal9 | metal10 | 
|-----------------------+-------+--------+--------+--------+--------+--------+--------+--------+--------+--------+---------|
| Grid                  | 0     | 0      | 0      | 0      | 0      | 0      | 0      | 0      | 0      | 0      | 0       | 
|-----------------------+-------+--------+--------+--------+--------+--------+--------+--------+--------+--------+---------|
| Width                 | 0     | 0      | 0      | 0      | 0      | 0      | 0      | 0      | 0      | 0      | 0       | 
|-----------------------+-------+--------+--------+--------+--------+--------+--------+--------+--------+--------+---------|
| Minimum samenet space | 0     | 0      | 0      | 0      | 0      | 0      | 0      | 0      | 0      | 0      | 0       | 
|-----------------------+-------+--------+--------+--------+--------+--------+--------+--------+--------+--------+---------|
| Fat samenet space     | 0     | -      | 0      | 0      | 0      | 0      | 0      | 0      | 0      | 0      | 0       | 
|-----------------------+-------+--------+--------+--------+--------+--------+--------+--------+--------+--------+---------|
| Minimum diffnet space | 1     | 1      | 0      | 0      | 0      | 0      | 0      | 0      | 0      | 0      | 0       | 
|-----------------------+-------+--------+--------+--------+--------+--------+--------+--------+--------+--------+---------|
| Fat diffnet space     | 0     | -      | 0      | 0      | 0      | 0      | 0      | 0      | 0      | 0      | 0       | 
|-----------------------+-------+--------+--------+--------+--------+--------+--------+--------+--------+--------+---------|
| Diffnet short         | 0     | 0      | 0      | 0      | 0      | 0      | 0      | 0      | 0      | 0      | 0       | 
|-----------------------+-------+--------+--------+--------+--------+--------+--------+--------+--------+--------+---------|
| Prohibited routing    | 0     | 0      | 0      | 0      | 0      | 0      | 0      | 0      | 0      | 0      | 0       | 
|-----------------------+-------+--------+--------+--------+--------+--------+--------+--------+--------+--------+---------|
|                       | TOTAL | CO     | via1   | via2   | via3   | via4   | via5   | via6   | via7   | via8   | via9    | 
|-----------------------+-------+--------+--------+--------+--------+--------+--------+--------+--------+--------+---------|
| Grid                  | 0     | 0      | 0      | 0      | 0      | 0      | 0      | 0      | 0      | 0      | 0       | 
|-----------------------+-------+--------+--------+--------+--------+--------+--------+--------+--------+--------+---------|
| Size                  | 0     | -      | 0      | 0      | 0      | 0      | 0      | 0      | 0      | 0      | 0       | 
|-----------------------+-------+--------+--------+--------+--------+--------+--------+--------+--------+--------+---------|
| Minimum space         | 0     | 0      | 0      | 0      | 0      | 0      | 0      | 0      | 0      | 0      | 0       | 
----------------------------------------------------------------------------------------------------------------------------


info UI33: performed DRC verification for 0 sec (CPU time: 0 sec; MEM: RSS - 258M, CVMEM - 1693M, PVMEM - 1870M)
NRF info: Number of DRC errors increased after filler cell insertion (1 > 0). Running DRC clean-up 

DRC cleaning progress:
Iteration  0 on  metal1 layer (     1 wins): 100% 
Iteration  0 on  metal2 layer (     1 wins): 100% 
Iteration  0 on  metal3 layer (     1 wins): 100% 
Iteration  0 on  metal4 layer (     1 wins): 100% 
Iteration  0 on  metal5 layer (     1 wins): 100% 
Iteration  0 on  metal6 layer (     1 wins): 100% 
Iteration  0 on  metal7 layer (     1 wins): 100% 
Iteration  0 on  metal8 layer (     1 wins): 100% 
Iteration  0 on  metal9 layer (     1 wins): 100% 
Iteration  0 on metal10 layer (     1 wins): 100% 
Iteration  1 on  metal1 layer (     1 wins): 100% 

--------------------------------------------------------------------------------------------------------------------
|                                               DRC cleaning report                                                |
|---------------+-------+--------+--------+--------+--------+--------+--------+--------+--------+--------+---------|
|               | TOTAL | metal1 | metal2 | metal3 | metal4 | metal5 | metal6 | metal7 | metal8 | metal9 | metal10 | 
|---------------+-------+--------+--------+--------+--------+--------+--------+--------+--------+--------+---------|
| Removed vias  | 1     | 1      | 0      | 0      | 0      | 0      | 0      | 0      | 0      | 0      | 0       | 
|---------------+-------+--------+--------+--------+--------+--------+--------+--------+--------+--------+---------|
| Removed wires | 0     | 0      | 0      | 0      | 0      | 0      | 0      | 0      | 0      | 0      | 0       | 
|---------------+-------+--------+--------+--------+--------+--------+--------+--------+--------+--------+---------|
| Clipped wires | 0     | 0      | 0      | 0      | 0      | 0      | 0      | 0      | 0      | 0      | 0       | 
|---------------+-------+--------+--------+--------+--------+--------+--------+--------+--------+--------+---------|
| Modified nets | 1     | 1      | 0      | 0      | 0      | 0      | 0      | 0      | 0      | 0      | 0       | 
--------------------------------------------------------------------------------------------------------------------


info UI33: performed DRC cleaning for 0 sec (CPU time: 0 sec; MEM: RSS - 258M, CVMEM - 1693M, PVMEM - 1870M)
warning UI1291: The size of '-column_names' does not equal to the number of columns in '-values' arg.
---------------------------------
|  Start run_route_timing flow  |
|-----------------+-------------|
| Argument        | Value       | 
|-----------------+-------------|
| cpus            | 2           | 
|-----------------+-------------|
| messages        | default     | 
|-----------------+-------------|
| timing_mode     | si          | 
|-----------------+-------------|
| preserve_clocks | auto        | 
|-----------------+-------------|
| save_db_stages  |             | 
|-----------------+-------------|
| stop_after      | false       | 
|-----------------+-------------|
| start_from      | false       | 
|-----------------+-------------|
| resume          | false       | 
|-----------------+-------------|
| skip_stages     |             | 
|-----------------+-------------|
| run_stages      |             | 
|-----------------+-------------|
| mode            | repair      | 
|-----------------+-------------|
| trial           | false       | 
|-----------------+-------------|
| dump_qor_stages |             | 
|-----------------+-------------|
| user_params     | -drc_effort | 
---------------------------------


NRF info: Setting up run_route_timing flow ...

warning UI4: Only 1 cores are available; the -cpus argument was set to 2.
warning The design is already timed. New CPU settings will be effective from next non-incremental timing analysis
info UI33: performed update timing for 0 sec (CPU time: 0 sec; MEM: RSS - 258M, CVMEM - 1693M, PVMEM - 1870M, PRSS - 214M)
Identifying nets for shielding ...
warning   NO nets specified have shield rule

RRT info: Set 'is_dont_route' and 'is_dont_modify' properties of '3' clock nets to 'false'
Routing lib vias have been created
Routing lib vias have been selected
info UI30: performing congestion analysis on partition Neuron_Layer (started at Thu May 6 03:26:34 2021)

Congestion ratio stats: min = 0.02, max = 0.13, mean = 0.06 
At threshold 1.17, found 0 hot spots, consisting of 0 grid-cells (0.00 pct of total)
At threshold 0.99, found 0 hot spots, consisting of 0 grid-cells (0.00 pct of total)
At threshold 0.87, found 0 hot spots, consisting of 0 grid-cells (0.00 pct of total)

-------------------------------------------------
| Grade = A; the partition should route easily. |
-------------------------------------------------

info UI33: performed congestion analysis for 0 sec (CPU time: 0 sec; MEM: RSS - 258M, CVMEM - 1693M, PVMEM - 1870M, PRSS - 214M)
-----------------------------------------------------------------------------------------------------------------------------------------------------------------------------------------------------------
|                                                                           Current Parameter Values for 'config_route_timing'                                                                            |
|--------------------------+-----------------------------------------------------------------+------------+------------+----------+------------+--------------------------------+------------+------------|
| Name                     | Description                                                     | Value      | Default    | Modified | Value_type | Enum                           | Persistent | User_level | 
|--------------------------+-----------------------------------------------------------------+------------+------------+----------+------------+--------------------------------+------------+------------|
| dvia_mode                | Specifies the mode of double via replacement                    | dfm        | timing     | true     | N/A        | dfm none timing                | true       | normal     | 
|--------------------------+-----------------------------------------------------------------+------------+------------+----------+------------+--------------------------------+------------+------------|
| tr_preserve_gr_channel   | Specifies effort to preserve channel for follow_gr nets in      | 90         | 0          | true     | N/A        |                                | true       | advanced   | 
|                          | route_track (0-100)                                             |            |            |          |            |                                |            |            | 
|--------------------------+-----------------------------------------------------------------+------------+------------+----------+------------+--------------------------------+------------+------------|
| tr_preserve_gr_layer     | Specifies effort to preserve layer for follow_gr nets in        | 100        | 0          | true     | N/A        |                                | true       | advanced   | 
|                          | route_track (0-100)                                             |            |            |          |            |                                |            |            | 
|--------------------------+-----------------------------------------------------------------+------------+------------+----------+------------+--------------------------------+------------+------------|
| ds_max_count             | Specifies the maximum allowed number of dominant scenarios      | 6          | 0          | true     | N/A        |                                | true       | developer  | 
|--------------------------+-----------------------------------------------------------------+------------+------------+----------+------------+--------------------------------+------------+------------|
| ds_threshold             | Specifies the percentage threshold for dominant scenarios       | 80         | 0          | true     | N/A        |                                | true       | developer  | 
|--------------------------+-----------------------------------------------------------------+------------+------------+----------+------------+--------------------------------+------------+------------|
| fr_topo_cri_priority     | Specifies priority value for topology critical nets in          | 0          | 50         | true     | N/A        |                                | true       | developer  | 
|                          | route_final (0-100)                                             |            |            |          |            |                                |            |            | 
|--------------------------+-----------------------------------------------------------------+------------+------------+----------+------------+--------------------------------+------------+------------|
| low_power_effort         | Specifies low power effort                                      | none       | none       | true     | N/A        | high low medium none           | true       | developer  | 
|--------------------------+-----------------------------------------------------------------+------------+------------+----------+------------+--------------------------------+------------+------------|
| opt_cdm_model            | Specifies advanced CDM model                                    | delta_area | delta_area | true     | N/A        | delta_area dynamic_bloat none  | true       | developer  | 
|--------------------------+-----------------------------------------------------------------+------------+------------+----------+------------+--------------------------------+------------+------------|
| opt_cpus                 | Specifies number of cpus for optimizer ('0' - distributed)      | 4          | 4          | true     | N/A        |                                | true       | developer  | 
|--------------------------+-----------------------------------------------------------------+------------+------------+----------+------------+--------------------------------+------------+------------|
| si_mcmm                  | Specifies to look at all the enabled corners in si_delay_repair | true       | false      | true     | N/A        |                                | true       | developer  | 
|--------------------------+-----------------------------------------------------------------+------------+------------+----------+------------+--------------------------------+------------+------------|
| tr_dont_route_clocks     | Specifies to prohibit route_track from touching existing clock  | false      | true       | true     | N/A        |                                | true       | developer  | 
|                          | routing                                                         |            |            |          |            |                                |            |            | 
|--------------------------+-----------------------------------------------------------------+------------+------------+----------+------------+--------------------------------+------------+------------|
| tr_preserve_all_gr_layer | Specifies effort to preserve layer for all the nets in          | 100        | 0          | true     | N/A        |                                | true       | developer  | 
|                          | route_track (0-100)                                             |            |            |          |            |                                |            |            | 
-----------------------------------------------------------------------------------------------------------------------------------------------------------------------------------------------------------



RRT info: Running run_route_timing in 'repair' mode ...

RRT info: Start stage 'check'
RRT info: User event handler 'before check' completed successfully
-----------------------------
|  Check routing lib vias   |
|-------+---------+---------|
| layer | regular | minarea | 
|-------+---------+---------|
| via1  | ok      | none    | 
|-------+---------+---------|
| via2  | ok      | none    | 
|-------+---------+---------|
| via3  | ok      | none    | 
|-------+---------+---------|
| via4  | ok      | none    | 
|-------+---------+---------|
| via5  | ok      | none    | 
|-------+---------+---------|
| via6  | ok      | none    | 
|-------+---------+---------|
| via7  | ok      | none    | 
|-------+---------+---------|
| via8  | ok      | none    | 
|-------+---------+---------|
| via9  | ok      | none    | 
-----------------------------


RRT info: Stage 'check' completed successfully
RRT info: User event handler 'after check' completed successfully
RRT info: Start stage 'open'
RRT info: User event handler 'before open' completed successfully
LVS verification progress:
Preparing nets ...
Processing nets: 10% 20% 30% 40% 50% 60% 70% 80% 90% 100% 

Report 'report_lvs': Detail Routing LVS Report
Generated on Thu May 6 03:26:34 2021
  
----------------------------------------------------------------------------------------------
|                           LVS detail routing verification report                           |
|-------------------+------------+-----------+------+-------+------+------+--------+---------|
|                   | Total nets | Open nets | Open | Float | Tail | Loop | Pillar | Warning | 
|-------------------+------------+-----------+------+-------+------+------+--------+---------|
| Signal nets       | 95         | 1         | 1    | 0     | 0    | 0    | -      | -       | 
|-------------------+------------+-----------+------+-------+------+------+--------+---------|
| Logic nets        | 2          | 0         | 0    | 0     | 0    | 0    | -      | -       | 
|-------------------+------------+-----------+------+-------+------+------+--------+---------|
| Shield nets       | 0          | 0         | 0    | 0     | 0    | 0    | -      | -       | 
|-------------------+------------+-----------+------+-------+------+------+--------+---------|
| Power/Ground nets | -          | -         | -    | -     | -    | -    | -      | -       | 
|-------------------+------------+-----------+------+-------+------+------+--------+---------|
| DontRoute nets    | 0          | 0         | 0    | 0     | 0    | 0    | -      | -       | 
----------------------------------------------------------------------------------------------


  
-----------------------------------------------
| LVS open distance distribution (nanometers) |
|--------+-------+----------------------------|
|        | Total | 0.00                       | 
|--------+-------+----------------------------|
| % open | 100   | 100.00                     | 
|--------+-------+----------------------------|
| # open | 1     | 1                          | 
-----------------------------------------------


info UI33: performed LVS verification for 0 sec (CPU time: 0 sec; MEM: RSS - 258M, CVMEM - 1693M, PVMEM - 1870M, PRSS - 214M)
LVS cleaning progress:
Preparing nets ...
Processing nets: 10% 20% 30% 40% 50% 60% 70% 80% 90% 100% 

Report 'report_lvs': Detail Routing LVS Report
Generated on Thu May 6 03:26:34 2021
  
----------------------------------------------------------------------------------------------
|                           LVS detail routing verification report                           |
|-------------------+------------+-----------+------+-------+------+------+--------+---------|
|                   | Total nets | Open nets | Open | Float | Tail | Loop | Pillar | Warning | 
|-------------------+------------+-----------+------+-------+------+------+--------+---------|
| Signal nets       | 95         | -         | -    | 0     | 0    | -    | -      | -       | 
|-------------------+------------+-----------+------+-------+------+------+--------+---------|
| Logic nets        | 2          | -         | -    | 0     | 0    | -    | -      | -       | 
|-------------------+------------+-----------+------+-------+------+------+--------+---------|
| Shield nets       | 0          | -         | -    | 0     | 0    | -    | -      | -       | 
|-------------------+------------+-----------+------+-------+------+------+--------+---------|
| Power/Ground nets | -          | -         | -    | -     | -    | -    | -      | -       | 
|-------------------+------------+-----------+------+-------+------+------+--------+---------|
| DontRoute nets    | 0          | -         | -    | 0     | 0    | -    | -      | -       | 
----------------------------------------------------------------------------------------------


info UI33: performed LVS cleaning for 0 sec (CPU time: 0 sec; MEM: RSS - 258M, CVMEM - 1693M, PVMEM - 1870M, PRSS - 214M)
LVS verification progress:
Preparing nets ...
Processing nets: 10% 20% 30% 40% 50% 60% 70% 80% 90% 100% 

Report 'report_lvs': Detail Routing LVS Report
Generated on Thu May 6 03:26:34 2021
  
----------------------------------------------------------------------------------------------
|                           LVS detail routing verification report                           |
|-------------------+------------+-----------+------+-------+------+------+--------+---------|
|                   | Total nets | Open nets | Open | Float | Tail | Loop | Pillar | Warning | 
|-------------------+------------+-----------+------+-------+------+------+--------+---------|
| Signal nets       | 95         | 1         | 1    | 0     | 0    | 0    | -      | -       | 
|-------------------+------------+-----------+------+-------+------+------+--------+---------|
| Logic nets        | 2          | 0         | 0    | 0     | 0    | 0    | -      | -       | 
|-------------------+------------+-----------+------+-------+------+------+--------+---------|
| Shield nets       | 0          | 0         | 0    | 0     | 0    | 0    | -      | -       | 
|-------------------+------------+-----------+------+-------+------+------+--------+---------|
| Power/Ground nets | -          | -         | -    | -     | -    | -    | -      | -       | 
|-------------------+------------+-----------+------+-------+------+------+--------+---------|
| DontRoute nets    | 0          | 0         | 0    | 0     | 0    | 0    | -      | -       | 
----------------------------------------------------------------------------------------------


  
-----------------------------------------------
| LVS open distance distribution (nanometers) |
|--------+-------+----------------------------|
|        | Total | 0.00                       | 
|--------+-------+----------------------------|
| % open | 100   | 100.00                     | 
|--------+-------+----------------------------|
| # open | 1     | 1                          | 
-----------------------------------------------


info UI33: performed LVS verification for 0 sec (CPU time: 0 sec; MEM: RSS - 258M, CVMEM - 1693M, PVMEM - 1870M, PRSS - 214M)
info UI30: performing final routing on partition Neuron_Layer (started at Thu May 6 03:26:34 2021)
Start Final Routing in simple DRC mode on 1 cpus

-----------------------------------
|         Nets statistics         |
|-------------------+------+------|
|                   | Nets | Pins | 
|-------------------+------+------|
| Total (partition) | 97   | 258  | 
|-------------------+------+------|
| To be routed :    | 96   | 258  | 
|-------------------+------+------|
|   - signal        | 95   | 256  | 
|-------------------+------+------|
|   - tieoff        | 1    | 2    | 
|-------------------+------+------|
| To be skipped :   | 1    | 0    | 
|-------------------+------+------|
|   - less 2 pins   | 1    | 0    | 
-----------------------------------


Check opens ...
Longest open in net 'values[1][8]' of length=0
Total opens=1 (nets=1)

Check routing ...

Initialization finished
Cpu time: 00:00:00, Elapsed time: 00:00:01, Memory: 1.7G


Check violations (1 windows)...
Total viols=0
Cpu time: 00:00:00, Elapsed time: 00:00:00, Memory: 1.7G

Run(1) 'Objective: fix opens'   ...
Result=end(begin): opens=0(1), viols=0(0)
Cpu time: 00:00:00, Elapsed time: 00:00:00, Memory: 1.7G

Finish Final Routing ...
Number of touched nets: 1
Number of changed nets: 1

info UI33: performed final routing for 0 sec (CPU time: 0 sec; MEM: RSS - 256M, CVMEM - 1693M, PVMEM - 1870M, PRSS - 214M)
LVS cleaning progress:
Preparing nets ...
Processing nets: 10% 20% 30% 40% 50% 60% 70% 80% 90% 100% 

Report 'report_lvs': Detail Routing LVS Report
Generated on Thu May 6 03:26:35 2021
  
----------------------------------------------------------------------------------------------
|                           LVS detail routing verification report                           |
|-------------------+------------+-----------+------+-------+------+------+--------+---------|
|                   | Total nets | Open nets | Open | Float | Tail | Loop | Pillar | Warning | 
|-------------------+------------+-----------+------+-------+------+------+--------+---------|
| Signal nets       | 95         | -         | -    | 0     | 0    | -    | -      | -       | 
|-------------------+------------+-----------+------+-------+------+------+--------+---------|
| Logic nets        | 2          | -         | -    | 0     | 0    | -    | -      | -       | 
|-------------------+------------+-----------+------+-------+------+------+--------+---------|
| Shield nets       | 0          | -         | -    | 0     | 0    | -    | -      | -       | 
|-------------------+------------+-----------+------+-------+------+------+--------+---------|
| Power/Ground nets | -          | -         | -    | -     | -    | -    | -      | -       | 
|-------------------+------------+-----------+------+-------+------+------+--------+---------|
| DontRoute nets    | 0          | -         | -    | 0     | 0    | -    | -      | -       | 
----------------------------------------------------------------------------------------------


info UI33: performed LVS cleaning for 0 sec (CPU time: 0 sec; MEM: RSS - 256M, CVMEM - 1693M, PVMEM - 1870M, PRSS - 214M)
info UI30: performing final routing on partition Neuron_Layer (started at Thu May 6 03:26:35 2021)
Start Final Routing in simple DRC mode on 1 cpus
  with 'number' acceptance 

-----------------------------------
|         Nets statistics         |
|-------------------+------+------|
|                   | Nets | Pins | 
|-------------------+------+------|
| Total (partition) | 97   | 258  | 
|-------------------+------+------|
| To be routed :    | 96   | 258  | 
|-------------------+------+------|
|   - signal        | 95   | 256  | 
|-------------------+------+------|
|   - tieoff        | 1    | 2    | 
|-------------------+------+------|
| To be skipped :   | 1    | 0    | 
|-------------------+------+------|
|   - less 2 pins   | 1    | 0    | 
-----------------------------------


Check opens ...
Total opens=0 (nets=0)

Check routing ...

Initialization finished
Cpu time: 00:00:00, Elapsed time: 00:00:00, Memory: 1.7G


Check violations (1 windows)...
Total viols=0
Cpu time: 00:00:00, Elapsed time: 00:00:00, Memory: 1.7G

Finish Final Routing ...
info UI33: performed final routing for 0 sec (CPU time: 0 sec; MEM: RSS - 256M, CVMEM - 1693M, PVMEM - 1870M, PRSS - 214M)
LVS verification progress:
Preparing nets ...
Processing nets: 10% 20% 30% 40% 50% 60% 70% 80% 90% 100% 

Report 'report_lvs': Detail Routing LVS Report
Generated on Thu May 6 03:26:35 2021
  
----------------------------------------------------------------------------------------------
|                           LVS detail routing verification report                           |
|-------------------+------------+-----------+------+-------+------+------+--------+---------|
|                   | Total nets | Open nets | Open | Float | Tail | Loop | Pillar | Warning | 
|-------------------+------------+-----------+------+-------+------+------+--------+---------|
| Signal nets       | 95         | 0         | 0    | 0     | 0    | 0    | -      | -       | 
|-------------------+------------+-----------+------+-------+------+------+--------+---------|
| Logic nets        | 2          | 0         | 0    | 0     | 0    | 0    | -      | -       | 
|-------------------+------------+-----------+------+-------+------+------+--------+---------|
| Shield nets       | 0          | 0         | 0    | 0     | 0    | 0    | -      | -       | 
|-------------------+------------+-----------+------+-------+------+------+--------+---------|
| Power/Ground nets | -          | -         | -    | -     | -    | -    | -      | -       | 
|-------------------+------------+-----------+------+-------+------+------+--------+---------|
| DontRoute nets    | 0          | 0         | 0    | 0     | 0    | 0    | -      | -       | 
----------------------------------------------------------------------------------------------


info UI33: performed LVS verification for 0 sec (CPU time: 0 sec; MEM: RSS - 256M, CVMEM - 1693M, PVMEM - 1870M, PRSS - 214M)
RRT info: Stage 'open' completed successfully
RRT info: User event handler 'after open' completed successfully
RRT info: Start stage 'drc'
RRT info: User event handler 'before drc' completed successfully
Identifying nets for shielding ...
warning   NO nets specified have shield rule

RRT info: Set 'is_dont_route' and 'is_dont_modify' properties of '3' clock nets to 'false'
RRT warning: User-specified value 'high' for option 'drc_effort' overrides previous ''
RRT warning: User-specified value 'number' for option 'drc_accept' overrides previous ''
info UI30: performing final routing on partition Neuron_Layer (started at Thu May 6 03:26:35 2021)
Start Final Routing in full DRC mode on 1 cpus
  with 'number' acceptance 
  with expensive effort

-----------------------------------
|         Nets statistics         |
|-------------------+------+------|
|                   | Nets | Pins | 
|-------------------+------+------|
| Total (partition) | 97   | 258  | 
|-------------------+------+------|
| To be routed :    | 96   | 258  | 
|-------------------+------+------|
|   - signal        | 95   | 256  | 
|-------------------+------+------|
|   - tieoff        | 1    | 2    | 
|-------------------+------+------|
| To be skipped :   | 1    | 0    | 
|-------------------+------+------|
|   - less 2 pins   | 1    | 0    | 
-----------------------------------


Check opens ...
Total opens=0 (nets=0)

Check routing ...

Initialization finished
Cpu time: 00:00:00, Elapsed time: 00:00:00, Memory: 1.7G


Check violations (1 windows)...
Total viols=0
Cpu time: 00:00:00, Elapsed time: 00:00:00, Memory: 1.7G

Finish Final Routing ...
info UI33: performed final routing for 0 sec (CPU time: 0 sec; MEM: RSS - 256M, CVMEM - 1693M, PVMEM - 1870M, PRSS - 214M)
info DRC201: Only violations caused by detail_route shapes are being checked.
DRC verification progress:
Processing metal1: 100% 
Processing metal2: 100% 
Processing metal3: 100% 
Processing metal4: 100% 
Processing metal5: 100% 
Processing metal6: 100% 
Processing metal7: 100% 
Processing metal8: 100% 
Processing metal9: 100% 
Processing metal10: 100% 

Report 'tdro_drc': Report Drc
Generated on Thu May 6 03:26:35 2021
  
----------------------------------------------------------------------------------------------------------------------------
|                                                 DRC verification report                                                  |
|-----------------------+-------+--------+--------+--------+--------+--------+--------+--------+--------+--------+---------|
|                       | TOTAL | metal1 | metal2 | metal3 | metal4 | metal5 | metal6 | metal7 | metal8 | metal9 | metal10 | 
|-----------------------+-------+--------+--------+--------+--------+--------+--------+--------+--------+--------+---------|
| Grid                  | 0     | 0      | 0      | 0      | 0      | 0      | 0      | 0      | 0      | 0      | 0       | 
|-----------------------+-------+--------+--------+--------+--------+--------+--------+--------+--------+--------+---------|
| Width                 | 0     | 0      | 0      | 0      | 0      | 0      | 0      | 0      | 0      | 0      | 0       | 
|-----------------------+-------+--------+--------+--------+--------+--------+--------+--------+--------+--------+---------|
| Minimum samenet space | 0     | 0      | 0      | 0      | 0      | 0      | 0      | 0      | 0      | 0      | 0       | 
|-----------------------+-------+--------+--------+--------+--------+--------+--------+--------+--------+--------+---------|
| Fat samenet space     | 0     | -      | 0      | 0      | 0      | 0      | 0      | 0      | 0      | 0      | 0       | 
|-----------------------+-------+--------+--------+--------+--------+--------+--------+--------+--------+--------+---------|
| Minimum diffnet space | 0     | 0      | 0      | 0      | 0      | 0      | 0      | 0      | 0      | 0      | 0       | 
|-----------------------+-------+--------+--------+--------+--------+--------+--------+--------+--------+--------+---------|
| Fat diffnet space     | 0     | -      | 0      | 0      | 0      | 0      | 0      | 0      | 0      | 0      | 0       | 
|-----------------------+-------+--------+--------+--------+--------+--------+--------+--------+--------+--------+---------|
| Diffnet short         | 0     | 0      | 0      | 0      | 0      | 0      | 0      | 0      | 0      | 0      | 0       | 
|-----------------------+-------+--------+--------+--------+--------+--------+--------+--------+--------+--------+---------|
| Prohibited routing    | 0     | 0      | 0      | 0      | 0      | 0      | 0      | 0      | 0      | 0      | 0       | 
|-----------------------+-------+--------+--------+--------+--------+--------+--------+--------+--------+--------+---------|
|                       | TOTAL | CO     | via1   | via2   | via3   | via4   | via5   | via6   | via7   | via8   | via9    | 
|-----------------------+-------+--------+--------+--------+--------+--------+--------+--------+--------+--------+---------|
| Grid                  | 0     | 0      | 0      | 0      | 0      | 0      | 0      | 0      | 0      | 0      | 0       | 
|-----------------------+-------+--------+--------+--------+--------+--------+--------+--------+--------+--------+---------|
| Size                  | 0     | -      | 0      | 0      | 0      | 0      | 0      | 0      | 0      | 0      | 0       | 
|-----------------------+-------+--------+--------+--------+--------+--------+--------+--------+--------+--------+---------|
| Minimum space         | 0     | 0      | 0      | 0      | 0      | 0      | 0      | 0      | 0      | 0      | 0       | 
----------------------------------------------------------------------------------------------------------------------------


info UI33: performed DRC verification for 0 sec (CPU time: 0 sec; MEM: RSS - 256M, CVMEM - 1693M, PVMEM - 1870M, PRSS - 214M)

RRT info: Number of remaining shorts: 0
RRT info: Number of remaining DRCs  : 0

Identifying nets for shielding ...
warning   NO nets specified have shield rule

RRT info: Set 'is_dont_route' and 'is_dont_modify' properties of '3' clock nets to 'false'
RRT info: Stage 'drc' completed successfully
RRT info: User event handler 'after drc' completed successfully
RRT info: Start stage 'dp'
RRT info: User event handler 'before dp' completed successfully
RRT info: Stage 'dp' skipped
RRT info: Start stage 'dvia'
RRT info: User event handler 'before dvia' completed successfully
RRT warning: Configured value 'dfm' for option 'dvia_mode' overrides previous 'timing'
DFM via replacement progress:
Processing via1: 50% 100% 
Processing via2: 100% 
Processing via3: 50% 100% 
Processing via4: 100% 
Processing via5: 100% 
Processing via6: 100% 
Processing via7: 100% 
Processing via8: 100% 
Processing via9: 100% 

Incremental timing update of 1 nets

Report 'report_dfm_rvi': DFM via replacement report
Generated on Thu May 6 03:26:35 2021
  
--------------------------------------------------------------------------------------------
|                                DFM via replacement report                                |
|-------------------+-------+------+------+------+------+------+------+------+------+------|
|                   | Total | via1 | via2 | via3 | via4 | via5 | via6 | via7 | via8 | via9 | 
|-------------------+-------+------+------+------+------+------+------+------+------+------|
| Checked vias      | 503   | 192  | 207  | 80   | 19   | 5    | 0    | 0    | 0    | 0    | 
|-------------------+-------+------+------+------+------+------+------+------+------+------|
| Replaced vias     | 1     | 1    | 0    | 0    | 0    | 0    | 0    | 0    | 0    | 0    | 
|-------------------+-------+------+------+------+------+------+------+------+------+------|
| Replaced vias (%) | 0.20  | 0.52 | 0.00 | 0.00 | 0.00 | 0.00 | 0.00 | 0.00 | 0.00 | 0.00 | 
--------------------------------------------------------------------------------------------


--------------------------------------------------------------------------------------------------
|                                  Via statistics in the design                                  |
|-----------------+--------+--------+--------+-------+-------+-------+------+------+------+------|
|                 | TOTAL  | via1   | via2   | via3  | via4  | via5  | via6 | via7 | via8 | via9 | 
|-----------------+--------+--------+--------+-------+-------+-------+------+------+------+------|
| Number of vias  | 503.00 | 192.00 | 207.00 | 80.00 | 19.00 | 5.00  | 0.00 | 0.00 | 0.00 | 0.00 | 
|-----------------+--------+--------+--------+-------+-------+-------+------+------+------+------|
| Vias (%)        | 100.00 | 38.17  | 41.15  | 15.90 | 3.78  | 0.99  | 0.00 | 0.00 | 0.00 | 0.00 | 
|-----------------+--------+--------+--------+-------+-------+-------+------+------+------+------|
| Single vias (%) | 13.92  | 29.17  | 2.42   | 7.50  | 10.53 | 20.00 | 0    | 0    | 0    | 0    | 
|-----------------+--------+--------+--------+-------+-------+-------+------+------+------+------|
| Double vias (%) | 86.08  | 70.83  | 97.58  | 92.50 | 89.47 | 80.00 | 0    | 0    | 0    | 0    | 
|-----------------+--------+--------+--------+-------+-------+-------+------+------+------+------|
| Multi vias (%)  | 0.00   | 0.00   | 0.00   | 0.00  | 0.00  | 0.00  | 0    | 0    | 0    | 0    | 
--------------------------------------------------------------------------------------------------


info UI33: performed Via replacement for 0 sec (CPU time: 0 sec; MEM: RSS - 256M, CVMEM - 1693M, PVMEM - 1870M, PRSS - 214M)
Identifying nets for shielding ...
warning   NO nets specified have shield rule

RRT info: Set 'is_dont_route' and 'is_dont_modify' properties of '3' clock nets to 'false'
RRT warning: User-specified value 'high' for option 'drc_effort' overrides previous ''
RRT warning: User-specified value 'number' for option 'drc_accept' overrides previous ''
RRT warning: User-specified value 'number_improved' for option 'drc_accept' overrides previous 'number'
info UI30: performing final routing on partition Neuron_Layer (started at Thu May 6 03:26:35 2021)
Start Final Routing in full DRC mode on 1 cpus
  with 'number' acceptance 
  with expensive effort

-----------------------------------
|         Nets statistics         |
|-------------------+------+------|
|                   | Nets | Pins | 
|-------------------+------+------|
| Total (partition) | 97   | 258  | 
|-------------------+------+------|
| To be routed :    | 96   | 258  | 
|-------------------+------+------|
|   - signal        | 95   | 256  | 
|-------------------+------+------|
|   - tieoff        | 1    | 2    | 
|-------------------+------+------|
| To be skipped :   | 1    | 0    | 
|-------------------+------+------|
|   - less 2 pins   | 1    | 0    | 
-----------------------------------


Check opens ...
Total opens=0 (nets=0)

Check routing ...

Initialization finished
Cpu time: 00:00:00, Elapsed time: 00:00:01, Memory: 1.7G


Check violations (1 windows)...
Total viols=0
Cpu time: 00:00:00, Elapsed time: 00:00:00, Memory: 1.7G

Finish Final Routing ...
info UI33: performed final routing for 0 sec (CPU time: 0 sec; MEM: RSS - 257M, CVMEM - 1693M, PVMEM - 1870M, PRSS - 214M)
info DRC201: Only violations caused by detail_route shapes are being checked.
DRC verification progress:
Processing metal1: 100% 
Processing metal2: 100% 
Processing metal3: 100% 
Processing metal4: 100% 
Processing metal5: 100% 
Processing metal6: 100% 
Processing metal7: 100% 
Processing metal8: 100% 
Processing metal9: 100% 
Processing metal10: 100% 

Report 'tdro_drc': Report Drc
Generated on Thu May 6 03:26:36 2021
  
----------------------------------------------------------------------------------------------------------------------------
|                                                 DRC verification report                                                  |
|-----------------------+-------+--------+--------+--------+--------+--------+--------+--------+--------+--------+---------|
|                       | TOTAL | metal1 | metal2 | metal3 | metal4 | metal5 | metal6 | metal7 | metal8 | metal9 | metal10 | 
|-----------------------+-------+--------+--------+--------+--------+--------+--------+--------+--------+--------+---------|
| Grid                  | 0     | 0      | 0      | 0      | 0      | 0      | 0      | 0      | 0      | 0      | 0       | 
|-----------------------+-------+--------+--------+--------+--------+--------+--------+--------+--------+--------+---------|
| Width                 | 0     | 0      | 0      | 0      | 0      | 0      | 0      | 0      | 0      | 0      | 0       | 
|-----------------------+-------+--------+--------+--------+--------+--------+--------+--------+--------+--------+---------|
| Minimum samenet space | 0     | 0      | 0      | 0      | 0      | 0      | 0      | 0      | 0      | 0      | 0       | 
|-----------------------+-------+--------+--------+--------+--------+--------+--------+--------+--------+--------+---------|
| Fat samenet space     | 0     | -      | 0      | 0      | 0      | 0      | 0      | 0      | 0      | 0      | 0       | 
|-----------------------+-------+--------+--------+--------+--------+--------+--------+--------+--------+--------+---------|
| Minimum diffnet space | 0     | 0      | 0      | 0      | 0      | 0      | 0      | 0      | 0      | 0      | 0       | 
|-----------------------+-------+--------+--------+--------+--------+--------+--------+--------+--------+--------+---------|
| Fat diffnet space     | 0     | -      | 0      | 0      | 0      | 0      | 0      | 0      | 0      | 0      | 0       | 
|-----------------------+-------+--------+--------+--------+--------+--------+--------+--------+--------+--------+---------|
| Diffnet short         | 0     | 0      | 0      | 0      | 0      | 0      | 0      | 0      | 0      | 0      | 0       | 
|-----------------------+-------+--------+--------+--------+--------+--------+--------+--------+--------+--------+---------|
| Prohibited routing    | 0     | 0      | 0      | 0      | 0      | 0      | 0      | 0      | 0      | 0      | 0       | 
|-----------------------+-------+--------+--------+--------+--------+--------+--------+--------+--------+--------+---------|
|                       | TOTAL | CO     | via1   | via2   | via3   | via4   | via5   | via6   | via7   | via8   | via9    | 
|-----------------------+-------+--------+--------+--------+--------+--------+--------+--------+--------+--------+---------|
| Grid                  | 0     | 0      | 0      | 0      | 0      | 0      | 0      | 0      | 0      | 0      | 0       | 
|-----------------------+-------+--------+--------+--------+--------+--------+--------+--------+--------+--------+---------|
| Size                  | 0     | -      | 0      | 0      | 0      | 0      | 0      | 0      | 0      | 0      | 0       | 
|-----------------------+-------+--------+--------+--------+--------+--------+--------+--------+--------+--------+---------|
| Minimum space         | 0     | 0      | 0      | 0      | 0      | 0      | 0      | 0      | 0      | 0      | 0       | 
----------------------------------------------------------------------------------------------------------------------------


info UI33: performed DRC verification for 0 sec (CPU time: 0 sec; MEM: RSS - 257M, CVMEM - 1693M, PVMEM - 1870M, PRSS - 214M)

RRT info: Number of remaining shorts: 0
RRT info: Number of remaining DRCs  : 0

Identifying nets for shielding ...
warning   NO nets specified have shield rule

RRT info: Set 'is_dont_route' and 'is_dont_modify' properties of '3' clock nets to 'false'
RRT info: Stage 'dvia' completed successfully
RRT info: User event handler 'after dvia' completed successfully
Identifying nets for shielding ...
warning   NO nets specified have shield rule

RRT info: Set 'is_dont_route' and 'is_dont_modify' properties of '3' clock nets to 'false'
Nitro-SoC> # config_shell -ignore_errors false
Nitro-SoC> # config_application -cpus 1
Nitro-SoC> # config_timing -cpus 2
warning The design is already timed. New CPU settings will be effective from next non-incremental timing analysis
Nitro-SoC> # config_default_value -command route_global -argument check -value  technology libraries routing 
Nitro-SoC> # config_default_value -command route_global -argument messages -value normal
Nitro-SoC> # config_default_value -command route_track -argument check -value  technology libraries routing 
Nitro-SoC> # config_default_value -command route_track -argument messages -value normal
Nitro-SoC> # config_default_value -command route_final -argument check -value  technology libraries routing 
Nitro-SoC> # config_default_value -command route_final -argument messages -value normal
Nitro-SoC> # config_default_value -command route_si_repair -argument check -value  
Nitro-SoC> # config_default_value -command route_si_repair -argument messages -value normal
Nitro-SoC> # config_route_final -opt_strict_drc false
Nitro-SoC> # fk_msg -set_prompt NRF
Nitro-SoC> # new_config_flow -name flow_msg_prompt -quiet
Nitro-SoC> # new_config_flow -name flow_msg_prompt -value NRF -descr Flow prefix - will appear in all messages printed by flow_msg -quiet
Nitro-SoC> # config_shell -level normal
Nitro-SoC> # fk_msg -set_verbosity_filter info
Nitro-SoC> # new_config_flow -name verbose_level
Nitro-SoC> # new_config_flow -name verbose_level -value info -quiet
Nitro-SoC> # config_shell -echo true
Nitro-SoC> # config_shell -ignore_errors false
Nitro-SoC> # config_application -cpus 1
Nitro-SoC> # config_timing -cpus 2
warning The design is already timed. New CPU settings will be effective from next non-incremental timing analysis
Nitro-SoC> # config_default_value -command route_global -argument check -value  technology libraries routing 
Nitro-SoC> # config_default_value -command route_global -argument messages -value normal
Nitro-SoC> # config_default_value -command route_track -argument check -value  technology libraries routing 
Nitro-SoC> # config_default_value -command route_track -argument messages -value normal
Nitro-SoC> # config_default_value -command route_final -argument check -value  technology libraries routing 
Nitro-SoC> # config_default_value -command route_final -argument messages -value normal
Nitro-SoC> # config_default_value -command route_si_repair -argument check -value  
Nitro-SoC> # config_default_value -command route_si_repair -argument messages -value normal
Nitro-SoC> # config_route_final -opt_strict_drc false
Nitro-SoC> # fk_msg -set_prompt NRF
Nitro-SoC> # new_config_flow -name flow_msg_prompt -quiet
Nitro-SoC> # new_config_flow -name flow_msg_prompt -value NRF -descr Flow prefix - will appear in all messages printed by flow_msg -quiet
Nitro-SoC> # config_shell -level normal
Nitro-SoC> # fk_msg -set_verbosity_filter info
Nitro-SoC> # new_config_flow -name verbose_level
Nitro-SoC> # new_config_flow -name verbose_level -value info -quiet
Nitro-SoC> # config_shell -echo false
warning The design is already timed. New CPU settings will be effective from next non-incremental timing analysis
info DRC201: Only violations caused by detail_route shapes are being checked.
DRC verification progress:
Processing metal1: 100% 
Processing metal2: 100% 
Processing metal3: 100% 
Processing metal4: 100% 
Processing metal5: 100% 
Processing metal6: 100% 
Processing metal7: 100% 
Processing metal8: 100% 
Processing metal9: 100% 
Processing metal10: 100% 

Report 'report_drc': Report Drc
Generated on Thu May 6 03:26:36 2021
  
----------------------------------------------------------------------------------------------------------------------------
|                                                 DRC verification report                                                  |
|-----------------------+-------+--------+--------+--------+--------+--------+--------+--------+--------+--------+---------|
|                       | TOTAL | metal1 | metal2 | metal3 | metal4 | metal5 | metal6 | metal7 | metal8 | metal9 | metal10 | 
|-----------------------+-------+--------+--------+--------+--------+--------+--------+--------+--------+--------+---------|
| Grid                  | 0     | 0      | 0      | 0      | 0      | 0      | 0      | 0      | 0      | 0      | 0       | 
|-----------------------+-------+--------+--------+--------+--------+--------+--------+--------+--------+--------+---------|
| Width                 | 0     | 0      | 0      | 0      | 0      | 0      | 0      | 0      | 0      | 0      | 0       | 
|-----------------------+-------+--------+--------+--------+--------+--------+--------+--------+--------+--------+---------|
| Minimum samenet space | 0     | 0      | 0      | 0      | 0      | 0      | 0      | 0      | 0      | 0      | 0       | 
|-----------------------+-------+--------+--------+--------+--------+--------+--------+--------+--------+--------+---------|
| Fat samenet space     | 0     | -      | 0      | 0      | 0      | 0      | 0      | 0      | 0      | 0      | 0       | 
|-----------------------+-------+--------+--------+--------+--------+--------+--------+--------+--------+--------+---------|
| Minimum diffnet space | 0     | 0      | 0      | 0      | 0      | 0      | 0      | 0      | 0      | 0      | 0       | 
|-----------------------+-------+--------+--------+--------+--------+--------+--------+--------+--------+--------+---------|
| Fat diffnet space     | 0     | -      | 0      | 0      | 0      | 0      | 0      | 0      | 0      | 0      | 0       | 
|-----------------------+-------+--------+--------+--------+--------+--------+--------+--------+--------+--------+---------|
| Diffnet short         | 0     | 0      | 0      | 0      | 0      | 0      | 0      | 0      | 0      | 0      | 0       | 
|-----------------------+-------+--------+--------+--------+--------+--------+--------+--------+--------+--------+---------|
| Prohibited routing    | 0     | 0      | 0      | 0      | 0      | 0      | 0      | 0      | 0      | 0      | 0       | 
|-----------------------+-------+--------+--------+--------+--------+--------+--------+--------+--------+--------+---------|
|                       | TOTAL | CO     | via1   | via2   | via3   | via4   | via5   | via6   | via7   | via8   | via9    | 
|-----------------------+-------+--------+--------+--------+--------+--------+--------+--------+--------+--------+---------|
| Grid                  | 0     | 0      | 0      | 0      | 0      | 0      | 0      | 0      | 0      | 0      | 0       | 
|-----------------------+-------+--------+--------+--------+--------+--------+--------+--------+--------+--------+---------|
| Size                  | 0     | -      | 0      | 0      | 0      | 0      | 0      | 0      | 0      | 0      | 0       | 
|-----------------------+-------+--------+--------+--------+--------+--------+--------+--------+--------+--------+---------|
| Minimum space         | 0     | 0      | 0      | 0      | 0      | 0      | 0      | 0      | 0      | 0      | 0       | 
----------------------------------------------------------------------------------------------------------------------------


info UI33: performed DRC verification for 0 sec (CPU time: 0 sec; MEM: RSS - 257M, CVMEM - 1693M, PVMEM - 1870M)
info UI34: no objects were found for '*'
info UI36: Writing Verilog file 'output/Neuron_Layer.v.gz'.
info UI33: performed verilog write for 0 sec (CPU time: 0 sec; MEM: RSS - 257M, CVMEM - 1693M, PVMEM - 1870M)
info UI36: Writing DEF file 'output/Neuron_Layer.def.gz'.
info UI33: performed DEF write for 0 sec (CPU time: 0 sec; MEM: RSS - 257M, CVMEM - 1693M, PVMEM - 1870M)
Annotate antenna information on 67 pins from 67 nets
Antenna verification progress:
Preparing nets ...
Processing nets: 10% 20% 30% 40% 50% 60% 70% 80% 90% 100% 
NRF warning: No GDS layer-map file specified in flow variable MGC_gds_layer_map_file.  GDS will not be written
warning UI4: Only 1 cores are available; the -cpus argument was set to 4.
info UI36: Writing folded database file '/home/vlsi/Desktop/Lab3PnR/work/dbs/export.db'.
info Writing design...
info Writing timer configuration...
info Writing SI configuration...
info Writing Parasitic Models and Extractor configuration...
info Writing Scan data
info Writing Trailing data
info Writing partitions...
info UI33: performed database save for 0 sec (CPU time: 0 sec; MEM: RSS - 257M, CVMEM - 1693M, PVMEM - 1870M)
NRF info: Reports started Thu May 06 03:26:36 EET 2021
Report 'application': Application Report
Generated on Thu May 6 03:26:36 2021
  
-------------------------------------------------------------------------------------------
|                      Application CPU time and memory usage status                       |
|-----------------------------------------------------------------------------------------|
| Total memory (MBytes)    | 1693                                                         | 
| Heap memory (MBytes)     | 1184                                                         | 
| Resident memory (MBytes) | 257                                                          | 
| CPU time (minutes)       | 0.98                                                         | 
| Elapsed time (minutes)   | 19.07                                                        | 
| Load Averages            | 6.40 6.31 6.21                                               | 
| Build                    | 1.68700.2.290                                                | 
| Version                  | version 2019.1.R2 1.68700.2.290 Fri Nov 29 21:06:00 PST 2019 | 
| Calibre Version          | Calibre library v2019.2_14.13                                | 
| Computer Name            | localhost.localdomain                                        | 
| Cores                    | 1                                                            | 
| Frequency (GHz)          | 2.4                                                          | 
| Execution mode           | 64                                                           | 
| Process id               | 56415                                                        | 
| Interaction mode         | window                                                       | 
| Log file                 | LOGs/nitor.log                                               | 
| Journal file             | LOGs/nitro.journal                                           | 
| Working directory        | /home/vlsi/Desktop/Lab3PnR/work/.nitro_tmp_localhost.localdo | 
|                          main_56415                                                   | 
-------------------------------------------------------------------------------------------


-----------------------------------------------------------------------------------------
| Name                                                        | Value      | Default    | 
|-------------------------------------------------------------+------------+------------|
| cpus                                                        | 2          | 4          | 
| create_io_path_groups                                       | true       | false      | 
| create_clock_check_path_group                               | false      | false      | 
| derate_annotated_delays                                     | true       | true       | 
| disable_auto_clock_gating_checks                            | false      | false      | 
| disable_case_analysis                                       | false      | false      | 
| disable_clock_gating_checks                                 | false      | false      | 
| disable_recovery_removal_checks                             | false      | false      | 
| disable_seq_case_analysis                                   | true       | true       | 
| enable_clock_gating_propagate                               | true       | true       | 
| early_launch_at_borrowing_latches                           | false      | true       | 
| enable_default_for_cond_arcs                                | true       | true       | 
| enable_default_input_delays                                 | false      | true       | 
| enable_non_unate_clock_paths                                | true       | true       | 
| enable_path_segmentation                                    | true       | true       | 
| enable_port_clock_leaves                                    | false      | false      | 
| enable_preset_clear_arcs                                    | false      | false      | 
| enable_setup_independent_hold_checks                        | true       | true       | 
| estimated_delays                                            | false      | false      | 
| ignore_driving_cell_for_annotated_delays                    | true       | true       | 
| sdf_includes_si_delays                                      | false      | false      | 
| report_unconstrained_path                                   | false      | false      | 
| use_si_slew_for_max_transition                              | false      | false      | 
| zero_rc_delays                                              | false      | false      | 
| ignore_driving_cell_for_clock_ports                         | false      | false      | 
| use_annotated_cts_offsets                                   | false      | false      | 
| enable_skew_estimation                                      | false      | false      | 
| valid_skew_estimation                                       | false      | false      | 
| enable_ideal_clock_data_tags                                | true       | true       | 
| enable_clock_propagation_through_three_state_enable_pins    | false      | false      | 
| disable_sequential_generation_of_waveform_preserving_clocks | false      | false      | 
| capacitance_violation_threshold                             | 0          | -2         | 
| derate_output_delay                                         | false      | false      | 
| additive_regular_ocv_for_advanced_ocv                       | false      | false      | 
| clock_source_use_driver_arc                                 | true       | true       | 
| use_pin_specific_clock_latency_and_propagation              | true       | true       | 
| sdf_is_derated                                              | false      | false      | 
| use_worst_constraint_from_all_slew_permutations             | true       | true       | 
| use_worst_of_early_and_late_libs_constraint                 | true       | true       | 
| clock_enable_separate_rise_fall_pin_capacitance             | false      | false      | 
| data_enable_separate_rise_fall_pin_capacitance              | false      | false      | 
| timing_slew_propagation_mode                                | worst_slew | worst_slew | 
| gclock_source_network_num_master_registers                  | 1000000    | 1000000    | 
| alpine_timing_mode                                          | -1         | -1         | 
| parametric_ocv                                              | false      | false      | 
| parametric_ocv_corner_sigma                                 | 3          | 3          | 
| enforce_explicit_library_association_to_corners             | false      | false      | 
| enable_slew_variation                                       | true       | true       | 
| low_geometry                                                | false      | false      | 
| precise_waveform_analysis                                   | false      | false      | 
-----------------------------------------------------------------------------------------


NRF info: Writing Timing Summary Reports Thu May 06 03:26:36 EET 2021
NRF info: Writing Detailed Setup Timing Path Reports Thu May 06 03:26:36 EET 2021
NRF info: Writing Detailed Hold Timing Path Reports Thu May 06 03:26:37 EET 2021
NRF info: Writing Timing Drc Reports Thu May 06 03:26:37 EET 2021
NRF info: Writing Physical Reports Thu May 06 03:26:37 EET 2021
NRF info: Reports completed Thu May 06 03:26:37 EET 2021
NRF info: Because Nitro is not being exited, supply nets are not propagated and power netlist is not output by default.

info UI33: performed source of flow_scripts/4_export.tcl for 3 sec (CPU time: 0 sec; MEM: RSS - 257M, CVMEM - 1693M, PVMEM - 1870M)
