warning: No library characterized for (process = 1.00 voltage = 0.85 temperature = 25.00) can be found in the database for power domain '/PD_TOP'  [NL-174]
Report Power (instances with prefix '*' are included in total) : 
-----+----------+--------------------+---------------------+-------------------+-----------------
     | Instance | Internal Power(uw) | Switching Power(uw) | Leakage Power(uw) | Total Power(uw) 
-----+----------+--------------------+---------------------+-------------------+-----------------
1    |*i_0_0_0  |            0.697969|             4.934765|           0.017393|         5.650128
2    |*i_0_0_1  |            0.836947|             1.322746|           0.022619|         2.182313
3    |*i_0_0_2  |            0.559233|             1.350274|           0.014353|         1.923860
4    |*i_0_0_3  |            0.875323|             7.570300|           0.022619|         8.468241
5    |*i_0_0_4  |            0.804054|             1.350774|           0.027858|         2.182686
6    |*i_0_0_5  |            0.918977|             1.232679|           0.022619|         2.174274
7    |*i_0_0_6  |            0.819787|             4.345854|           0.027858|         5.193500
8    |*i_0_0_7  |            0.890098|             1.178283|           0.022619|         2.091001
9    |*i_0_0_8  |            0.857456|             4.722749|           0.027858|         5.608064
10   |*i_0_0_9  |            0.597886|             4.887537|           0.017393|         5.502818
11   |*i_0_0_10 |            0.000002|             0.000118|           0.021200|         0.021320
12   |*i_0_0_11 |            0.472096|             4.178260|           0.014353|         4.664709
13   |*i_0_0_12 |            0.911226|             9.160214|           0.027858|        10.099298
14   |*i_0_0_13 |            0.357126|             0.994205|           0.014353|         1.365684
15   |*i_0_0_14 |            0.800651|             7.028063|           0.032612|         7.861325
16   |*i_0_0_15 |            0.685851|             1.086527|           0.027858|         1.800236
17   |*i_0_0_16 |            0.004364|             0.005371|           0.021200|         0.030935
18   |*i_0_0_17 |            0.926130|             1.338987|           0.022619|         2.287737
19   |*i_0_0_18 |            0.999774|             2.857018|           0.022619|         3.879411
20   |*i_0_0_19 |            0.656700|             1.309707|           0.017393|         1.983801
21   |*i_0_0_20 |            0.947784|             1.408956|           0.022619|         2.379360
22   |*i_0_0_21 |            0.669486|             0.992636|           0.017393|         1.679516
23   |*i_0_0_22 |            1.253084|             1.450526|           0.034026|         2.737637
24   |*i_0_0_23 |            0.999788|             2.855548|           0.022619|         3.877955
25   |*i_0_0_24 |            0.656920|             1.309707|           0.017393|         1.984020
26   |*i_0_0_25 |            1.371509|             1.398156|           0.041741|         2.811406
27   |*i_0_0_26 |            1.005944|             2.450511|           0.022619|         3.479074
28   |*i_0_0_27 |            0.668323|             1.321711|           0.017393|         2.007427
29   |*i_0_0_28 |            0.822582|             0.910436|           0.027858|         1.760877
30   |*i_0_0_29 |            1.253569|             1.405665|           0.034026|         2.693260
31   |*i_0_0_30 |            1.003064|             2.517798|           0.022619|         3.543481
32   |*i_0_0_31 |            0.657578|             1.309707|           0.017393|         1.984678
33   |*i_0_0_32 |            1.214299|             1.468466|           0.032612|         2.715377
34   |*i_0_0_33 |            0.999737|             2.860780|           0.022619|         3.883136
35   |*i_0_0_34 |            0.658236|             1.309707|           0.017393|         1.985336
36   |*i_0_0_35 |            1.236372|             1.292228|           0.033938|         2.562537
37   |*i_0_0_36 |            1.007643|             2.560484|           0.022619|         3.590747
38   |*i_0_0_37 |            0.677627|             1.341888|           0.017393|         2.036908
39   |*i_0_0_38 |            0.929497|             0.991037|           0.022619|         1.943153
40   |*i_0_0_39 |            1.213284|             1.382560|           0.032612|         2.628457
41   |*i_0_0_40 |            1.004366|             2.383526|           0.022619|         3.410511
42   |*i_0_0_41 |            0.658455|             1.309707|           0.017393|         1.985555
43   |*i_0_0_42 |            1.257953|             1.451811|           0.034026|         2.743790
44   |*i_0_0_43 |            0.998459|             2.992586|           0.022619|         4.013664
45   |*i_0_0_44 |            0.656920|             1.309707|           0.017393|         1.984020
46   |*i_0_0_45 |            1.382137|             1.405283|           0.041741|         2.829161
47   |*i_0_0_46 |            0.578942|             2.417191|           0.014353|         3.010485
48   |*i_0_0_47 |            0.886960|             7.853596|           0.027858|         8.768414
49   |*i_0_0_48 |            0.417800|             0.655639|           0.021200|         1.094638
50   |*i_0_0_49 |            0.813577|             0.900775|           0.027858|         1.742210
51   |*i_0_0_50 |            1.253569|             1.405665|           0.034026|         2.693260
52   |*i_0_0_51 |            1.003064|             2.517798|           0.022619|         3.543481
53   |*i_0_0_52 |            0.657578|             1.309707|           0.017393|         1.984678
54   |*i_0_0_53 |            1.211397|             1.459382|           0.032612|         2.703391
55   |*i_0_0_54 |            0.999737|             2.860780|           0.022619|         3.883136
56   |*i_0_0_55 |            0.658236|             1.309707|           0.017393|         1.985336
57   |*i_0_0_56 |            1.223279|             1.269612|           0.033938|         2.526829
58   |*i_0_0_57 |            1.002759|             2.549189|           0.022619|         3.574568
59   |*i_0_0_58 |            0.661087|             1.309707|           0.017393|         1.988187
60   |*i_0_0_59 |            0.909426|             1.002976|           0.022619|         1.935022
61   |*i_0_0_60 |            1.228114|             1.415176|           0.032612|         2.675902
62   |*i_0_0_61 |            1.007572|             2.390562|           0.022619|         3.420753
63   |*i_0_0_62 |            0.671253|             1.328276|           0.017393|         2.016923
64   |*i_0_0_63 |            1.287360|             1.306318|           0.033938|         2.627616
65   |*i_0_0_64 |            1.062265|             1.155127|           0.025066|         2.242458
66   |*i_0_0_65 |            0.550043|             2.411020|           0.014353|         2.975416
67   |*i_0_0_66 |            0.937364|             7.774666|           0.022619|         8.734649
68   |*i_0_0_67 |            0.641645|             1.264194|           0.017393|         1.923233
69   |*i_0_0_68 |            0.008714|             0.023159|           0.018105|         0.049978
70   |*i_0_0_69 |            0.569429|            34.310692|           0.017393|        34.897511
71   |*i_0_0_70 |            1.113023|             2.797328|           0.017393|         3.927744
72   |*i_0_0_71 |            1.246094|             2.824341|           0.022039|         4.092474
73   |*i_0_0_72 |            0.708822|             1.130244|           0.017393|         1.856459
74   |*i_0_0_73 |            0.015581|             0.042636|           0.017393|         0.075610
75   |*i_0_0_74 |            1.342649|             1.401982|           0.033938|         2.778569
76   |*i_0_0_75 |            1.028079|             3.709352|           0.027858|         4.765289
77   |*i_0_0_76 |            0.687566|             1.330399|           0.021200|         2.039165
78   |*i_0_0_77 |            0.856119|             0.909802|           0.022619|         1.788540
79   |*i_0_0_78 |            1.255923|             1.418873|           0.032612|         2.707408
80   |*i_0_0_79 |            1.027751|             3.734653|           0.027858|         4.790263
81   |*i_0_0_80 |            0.688130|             1.330399|           0.021200|         2.039729
82   |*i_0_0_81 |            1.213750|             1.417260|           0.034026|         2.665036
83   |*i_0_0_82 |            1.021492|             4.328994|           0.027858|         5.378345
84   |*i_0_0_83 |            0.682011|             1.314711|           0.021200|         2.017922
85   |*i_0_0_84 |            1.265600|             1.288542|           0.041741|         2.595883
86   |*i_0_0_85 |            1.026946|             3.796890|           0.027858|         4.851695
87   |*i_0_0_86 |            0.688272|             1.330399|           0.021200|         2.039870
88   |*i_0_0_87 |            0.897305|             0.992886|           0.027858|         1.918050
89   |*i_0_0_88 |            1.216599|             1.362844|           0.034026|         2.613470
90   |*i_0_0_89 |            1.026496|             3.869306|           0.027858|         4.923661
91   |*i_0_0_90 |            0.687425|             1.330399|           0.021200|         2.039024
92   |*i_0_0_91 |            1.270983|             1.501591|           0.032612|         2.805186
93   |*i_0_0_92 |            1.010582|             4.157654|           0.027858|         5.196095
94   |*i_0_0_93 |            0.663727|             1.278600|           0.021200|         1.963527
95   |*i_0_0_94 |            1.332686|             1.388024|           0.033938|         2.754648
96   |*i_0_0_95 |            1.026418|             3.900786|           0.027858|         4.955063
97   |*i_0_0_96 |            0.690246|             1.330399|           0.021200|         2.041845
98   |*i_0_0_97 |            0.869855|             0.926277|           0.022619|         1.818751
99   |*i_0_0_98 |            1.256406|             1.416570|           0.032612|         2.705589
100  |*i_0_0_99 |            1.027751|             3.734653|           0.027858|         4.790263
101  |*i_0_0_100|            0.690105|             1.330399|           0.021200|         2.041703
102  |*i_0_0_101|            1.222202|             1.421954|           0.034026|         2.678182
103  |*i_0_0_102|            1.024946|             4.494204|           0.027858|         5.547009
104  |*i_0_0_103|            0.688272|             1.330399|           0.021200|         2.039870
105  |*i_0_0_104|            1.311041|             1.332353|           0.041741|         2.685136
106  |*i_0_0_105|            1.026946|             3.796890|           0.027858|         4.851695
107  |*i_0_0_106|            0.687425|             1.330399|           0.021200|         2.039024
108  |*i_0_0_107|            0.842015|             0.949864|           0.027858|         1.819737
109  |*i_0_0_108|            1.222550|             1.376757|           0.034026|         2.633333
110  |*i_0_0_109|            1.026496|             3.869306|           0.027858|         4.923661
111  |*i_0_0_110|            0.688272|             1.330399|           0.021200|         2.039870
112  |*i_0_0_111|            1.254143|             1.499008|           0.032612|         2.785763
113  |*i_0_0_112|            1.025651|             4.210061|           0.027858|         5.263570
114  |*i_0_0_113|            0.688130|             1.330399|           0.021200|         2.039729
115  |*i_0_0_114|            0.939624|             1.183923|           0.022039|         2.145586
116  |*i_0_0_115|            0.517413|             1.069926|           0.017393|         1.604732
117  |*i_0_0_116|            1.018736|             4.260807|           0.027858|         5.307402
118  |*i_0_0_117|            0.676744|             1.304497|           0.021200|         2.002440
119  |*i_0_0_118|            1.153738|             1.460229|           0.034026|         2.647993
120  |*i_0_0_119|            0.889742|             2.193421|           0.022619|         3.105783
121  |*i_0_0_120|            0.383549|             0.566778|           0.017393|         0.967720
122  |*i_0_0_121|            0.925693|             4.188008|           0.022619|         5.136321
123  |*i_0_0_122|            0.383549|             0.566778|           0.017393|         0.967720
124  |*i_0_0_123|            0.000004|             0.000013|           0.017393|         0.017410
125  |*i_0_0_124|            1.141210|             2.361966|           0.025066|         3.528242
126  |*i_0_0_125|            0.694698|             2.318782|           0.021200|         3.034679
127  |*i_0_0_126|            0.736054|            32.958977|           0.034026|        33.729061
128  |*i_0_0_127|            0.949435|             1.367737|           0.022619|         2.339791
129  |*i_0_0_128|            1.170935|             1.391448|           0.017393|         2.579775
130  |*i_0_0_129|            1.359313|             1.415849|           0.041741|         2.816903
131  |*i_0_0_130|            0.989918|             3.868418|           0.022619|         4.880956
132  |*i_0_0_131|            0.662235|             1.312165|           0.017393|         1.991794
133  |*i_0_0_132|            0.838275|             0.928952|           0.027858|         1.795085
134  |*i_0_0_133|            1.254454|             1.400813|           0.034026|         2.689293
135  |*i_0_0_134|            0.988841|             3.980834|           0.022619|         4.992293
136  |*i_0_0_135|            0.661801|             1.312165|           0.017393|         1.991359
137  |*i_0_0_136|            1.230288|             1.470320|           0.032612|         2.733220
138  |*i_0_0_137|            0.991273|             4.334912|           0.022619|         5.348804
139  |*i_0_0_138|            0.671894|             1.338598|           0.017393|         2.027885
140  |*i_0_0_139|            1.285040|             1.331020|           0.033938|         2.649998
141  |*i_0_0_140|            0.988539|             4.012265|           0.022619|         5.023424
142  |*i_0_0_141|            0.658540|             1.312165|           0.017393|         1.988099
143  |*i_0_0_142|            0.872027|             0.947776|           0.022619|         1.842423
144  |*i_0_0_143|            1.225822|             1.404096|           0.032612|         2.662530
145  |*i_0_0_144|            0.990129|             3.846394|           0.022619|         4.859142
146  |*i_0_0_145|            0.659409|             1.312165|           0.017393|         1.988968
147  |*i_0_0_146|            0.660342|             1.026168|           0.021200|         1.707710
148  |*i_0_0_147|            0.990065|             4.427442|           0.022619|         5.440126
149  |*i_0_0_148|            0.692687|             1.374110|           0.017393|         2.084190
150  |*i_0_0_149|            1.029775|             1.440335|           0.027858|         2.497969
151  |*i_0_0_150|            0.817041|             1.224629|           0.027858|         2.069529
152  |*i_0_0_151|            1.255135|             1.404175|           0.034026|         2.693336
153  |*i_0_0_152|            1.218139|             1.463209|           0.032612|         2.713960
154  |*i_0_0_153|            0.987505|             4.332999|           0.022619|         5.343123
155  |*i_0_0_154|            0.669343|             1.312165|           0.017393|         1.998902
156  |*i_0_0_155|            1.235604|             1.279856|           0.033938|         2.549398
157  |*i_0_0_156|            0.988539|             4.012265|           0.022619|         5.023424
158  |*i_0_0_157|            0.668070|             1.312165|           0.017393|         1.997629
159  |*i_0_0_158|            0.720447|             0.979438|           0.017393|         1.717278
160  |*i_0_0_159|            1.219604|             1.369236|           0.032612|         2.621452
161  |*i_0_0_160|            0.990129|             3.846394|           0.022619|         4.859142
162  |*i_0_0_161|            0.672435|             1.312165|           0.017393|         2.001994
163  |*i_0_0_162|            1.203040|             1.173237|           0.033938|         2.410214
164  |*i_0_0_163|            0.988539|             4.012265|           0.022619|         5.023424
165  |*i_0_0_164|            0.668616|             1.312165|           0.017393|         1.998175
166  |*i_0_0_165|            0.905290|             1.012034|           0.022619|         1.939943
167  |*i_0_0_166|            1.238301|             1.396582|           0.032612|         2.667495
168  |*i_0_0_167|            1.257932|             1.446198|           0.034026|         2.738156
169  |*i_0_0_168|            1.221319|             1.441071|           0.032612|         2.695003
170  |*i_0_0_169|            0.985135|             4.309842|           0.022619|         5.317596
171  |*i_0_0_170|            0.664868|             1.299588|           0.017393|         1.981849
172  |*i_0_0_171|            0.527945|             2.831532|           0.014353|         3.373831
173  |*i_0_0_172|            0.902563|             7.610436|           0.022619|         8.535618
174  |*i_0_0_173|            0.466559|             0.683141|           0.017393|         1.167093
175  |*i_0_0_174|            0.992107|             4.337362|           0.022619|         5.352088
176  |*i_0_0_175|            0.684438|             1.351557|           0.017393|         2.053389
177  |*i_0_0_176|            0.988979|             3.966417|           0.022619|         4.978015
178  |*i_0_0_177|            0.668980|             1.312165|           0.017393|         1.998539
179  |*i_0_0_178|            0.987452|             4.350767|           0.022619|         5.360838
180  |*i_0_0_179|            0.662888|             1.312165|           0.017393|         1.992446
181  |*i_0_0_180|            0.030776|             0.086744|           0.017393|         0.134914
182  |*i_0_0_181|            0.049266|             0.090287|           0.025066|         0.164619
183  |*i_0_0_182|            0.388617|             3.456984|           0.014353|         3.859954
184  |*i_0_0_183|            1.122834|            39.629715|           0.022695|        40.775249
185  |*i_0_0_184|            0.778183|             0.830132|           0.021200|         1.629514
186  |*i_0_0_185|            1.017530|             0.857010|           0.027858|         1.902399
187  |*i_0_0_186|            0.873995|             2.902416|           0.022619|         3.799031
188  |*i_0_0_187|            1.013796|             1.429805|           0.022619|         2.466220
189  |*i_0_0_188|            0.803464|             1.221404|           0.018105|         2.042972
190  |*i_0_0_189|            0.718004|             1.199925|           0.017393|         1.935322
191  |*i_0_0_190|            1.355440|             1.477836|           0.033938|         2.867214
192  |*i_0_0_191|            0.828914|             0.921360|           0.022619|         1.772893
193  |*i_0_0_192|            0.719748|             1.088596|           0.017393|         1.825737
194  |*i_0_0_193|            0.746482|             1.124178|           0.017393|         1.888053
195  |*i_0_0_194|            0.619170|             1.011636|           0.021200|         1.652005
196  |*i_0_0_195|            1.010729|             3.700884|           0.027858|         4.739471
197  |*i_0_0_196|            0.666443|             1.292671|           0.021200|         1.980314
198  |*i_0_0_197|            1.175543|             1.220639|           0.041741|         2.437923
199  |*i_0_0_198|            1.009595|             3.792498|           0.027858|         4.829951
200  |*i_0_0_199|            0.664900|             1.292671|           0.021200|         1.978771
201  |*i_0_0_200|            0.907791|             1.007614|           0.027858|         1.943264
202  |*i_0_0_201|            1.150073|             1.329049|           0.034026|         2.513149
203  |*i_0_0_202|            0.943887|             3.645549|           0.027858|         4.617294
204  |*i_0_0_203|            0.549808|             1.092003|           0.021200|         1.663010
205  |*i_0_0_204|            1.258431|             1.498965|           0.032612|         2.790008
206  |*i_0_0_205|            1.008379|             4.200450|           0.027858|         5.236688
207  |*i_0_0_206|            0.667214|             1.292671|           0.021200|         1.981085
208  |*i_0_0_207|            1.344797|             1.401523|           0.033938|         2.780258
209  |*i_0_0_208|            1.009022|             3.938869|           0.027858|         4.975749
210  |*i_0_0_209|            0.664385|             1.292671|           0.021200|         1.978256
211  |*i_0_0_210|            0.858362|             0.914189|           0.022619|         1.795170
212  |*i_0_0_211|            1.260751|             1.420059|           0.032612|         2.713423
213  |*i_0_0_212|            1.009835|             3.773114|           0.027858|         4.810808
214  |*i_0_0_213|            0.664771|             1.292671|           0.021200|         1.978642
215  |*i_0_0_214|            1.214038|             1.414440|           0.034026|         2.662504
216  |*i_0_0_215|            1.007939|             4.379316|           0.027858|         5.415114
217  |*i_0_0_216|            0.666443|             1.292671|           0.021200|         1.980314
218  |*i_0_0_217|            1.303217|             1.323274|           0.041741|         2.668232
219  |*i_0_0_218|            1.009276|             3.835210|           0.027858|         4.872344
220  |*i_0_0_219|            0.664900|             1.292671|           0.021200|         1.978771
221  |*i_0_0_220|            0.809789|             0.950658|           0.027858|         1.788306
222  |*i_0_0_221|            1.205132|             1.349025|           0.034026|         2.588183
223  |*i_0_0_222|            1.009099|             3.907461|           0.027858|         4.944418
224  |*i_0_0_223|            0.664128|             1.292671|           0.021200|         1.977999
225  |*i_0_0_224|            1.252564|             1.452465|           0.032612|         2.737640
226  |*i_0_0_225|            0.817653|             1.025104|           0.022039|         1.864796
227  |*i_0_0_226|            0.537319|             2.838247|           0.014353|         3.389919
228  |*i_0_0_227|            0.917385|             7.733095|           0.022619|         8.673099
229  |*i_0_0_228|            0.454395|             0.687190|           0.017393|         1.158978
230  |*i_0_0_229|            1.012064|             4.213021|           0.027858|         5.252944
231  |*i_0_0_230|            0.671436|             1.311720|           0.021200|         2.004355
232  |*i_0_0_231|            0.980906|             4.223048|           0.027858|         5.231812
233  |*i_0_0_232|            0.617878|             1.197806|           0.021200|         1.836884
234  |*i_0_0_233|            0.996618|             3.611132|           0.027858|         4.635608
235  |*i_0_0_234|            0.636182|             1.236894|           0.021200|         1.894276
236  |*i_0_0_235|            1.008664|             4.084503|           0.027858|         5.121026
237  |*i_0_0_236|            0.648812|             1.292671|           0.021200|         1.962683
238  |*i_0_0_237|            0.722534|             1.088596|           0.017393|         1.828523
239  |*i_0_0_238|            0.620191|             1.017990|           0.021200|         1.659380
240  |*i_0_0_239|            1.008564|             4.125236|           0.027858|         5.161658
241  |*i_0_0_240|            0.651520|             1.292671|           0.021200|         1.965392
242  |*i_0_0_241|            0.037069|             0.315693|           0.021200|         0.373962
243  |*i_0_0_242|            0.685815|             2.179006|           0.021200|         2.886020
244  |*i_0_0_243|            0.763818|            38.233841|           0.022039|        39.019695
245  |*i_0_0_244|            0.440251|             0.638077|           0.022039|         1.100367
246  |*i_0_0_245|            0.602324|             0.843856|           0.022619|         1.468800
247  |*i_0_0_246|            0.975973|             1.043504|           0.034566|         2.054042
248  |*i_0_0_247|            0.057300|             0.172227|           0.014353|         0.243880
249  |*i_0_0_248|            0.120052|             1.424440|           0.018105|         1.562597
250  |*i_0_0_249|            0.688530|             0.767830|           0.021200|         1.477560
251  |*i_0_0_250|            1.026956|             4.393903|           0.027858|         5.448718
252  |*i_0_0_251|            0.680426|             1.371374|           0.021200|         2.073000
253  |*i_0_0_252|            1.316205|             0.906485|           0.041741|         2.264431
254  |*i_0_0_253|            1.028152|             3.892635|           0.027858|         4.948646
255  |*i_0_0_254|            0.681223|             1.371374|           0.021200|         2.073797
256  |*i_0_0_255|            0.855501|             0.950497|           0.027858|         1.833856
257  |*i_0_0_256|            1.229978|             1.393296|           0.034026|         2.657300
258  |*i_0_0_257|            1.028105|             3.988838|           0.027858|         5.044802
259  |*i_0_0_258|            0.657724|             1.334641|           0.021200|         2.013565
260  |*i_0_0_259|            1.220919|             1.464206|           0.032612|         2.717737
261  |*i_0_0_260|            1.027127|             4.322371|           0.027858|         5.377357
262  |*i_0_0_261|            0.678037|             1.371375|           0.021200|         2.070611
263  |*i_0_0_262|            1.369294|             1.387556|           0.033938|         2.790788
264  |*i_0_0_263|            1.027864|             4.013491|           0.027858|         5.069213
265  |*i_0_0_264|            0.680426|             1.371374|           0.021200|         2.073000
266  |*i_0_0_265|            0.889105|             0.946800|           0.022619|         1.858524
267  |*i_0_0_266|            1.302789|             1.423411|           0.032612|         2.758812
268  |*i_0_0_267|            0.966915|             3.672496|           0.027858|         4.667269
269  |*i_0_0_268|            0.584364|             1.167107|           0.021200|         1.772670
270  |*i_0_0_269|            1.255313|             1.449836|           0.034026|         2.739175
271  |*i_0_0_270|            1.026811|             4.454384|           0.027858|         5.509054
272  |*i_0_0_271|            0.677877|             1.371374|           0.021200|         2.070451
273  |*i_0_0_272|            1.372788|             1.399087|           0.041741|         2.813616
274  |*i_0_0_273|            1.028112|             3.909728|           0.027858|         4.965697
275  |*i_0_0_274|            0.678355|             1.371375|           0.021200|         2.070929
276  |*i_0_0_275|            0.818809|             0.906002|           0.027858|         1.752669
277  |*i_0_0_276|            1.255910|             1.403752|           0.034026|         2.693688
278  |*i_0_0_277|            1.027939|             3.982051|           0.027858|         5.037848
279  |*i_0_0_278|            0.677877|             1.371374|           0.021200|         2.070451
280  |*i_0_0_279|            1.220919|             1.464206|           0.032612|         2.717737
281  |*i_0_0_280|            1.027127|             4.322371|           0.027858|         5.377357
282  |*i_0_0_281|            0.678355|             1.371375|           0.021200|         2.070929
283  |*i_0_0_282|            1.215857|             1.264253|           0.033938|         2.514047
284  |*i_0_0_283|            1.027864|             4.013491|           0.027858|         5.069213
285  |*i_0_0_284|            0.680426|             1.371374|           0.021200|         2.073000
286  |*i_0_0_285|            0.899378|             1.005908|           0.022619|         1.927906
287  |*i_0_0_286|            1.230328|             1.411366|           0.032612|         2.674306
288  |*i_0_0_287|            1.028260|             3.847570|           0.027858|         4.903688
289  |*i_0_0_288|            0.678514|             1.371375|           0.021200|         2.071089
290  |*i_0_0_289|            1.214783|             1.437143|           0.034026|         2.685952
291  |*i_0_0_290|            1.016595|             4.424448|           0.027858|         5.468901
292  |*i_0_0_291|            0.638751|             1.296795|           0.021200|         1.956746
293  |*i_0_0_292|            1.210929|             1.423189|           0.032612|         2.666730
294  |*i_0_0_293|            0.921301|             4.293323|           0.022619|         5.237243
295  |*i_0_0_294|            0.264918|             0.556455|           0.017393|         0.838766
296  |*i_0_0_295|            0.512792|             2.924198|           0.014353|         3.451344
297  |*i_0_0_296|            1.740070|             7.857435|           0.035928|         9.633433
298  |*i_0_0_297|            0.573966|            30.926334|           0.022619|        31.522921
299  |*i_0_0_298|            0.762486|             0.915205|           0.022039|         1.699731
300  |*i_0_0_299|            1.068747|             1.456732|           0.017393|         2.542872
301  |*i_0_0_300|            0.967198|             1.435471|           0.022619|         2.425288
302  |*i_0_0_301|            1.142959|             1.308031|           0.032612|         2.483603
303  |*i_0_0_302|            0.947434|             4.144973|           0.022619|         5.115027
304  |*i_0_0_303|            0.584704|             1.174907|           0.017393|         1.777004
305  |*i_0_0_304|            1.287123|             1.458759|           0.034026|         2.779908
306  |*i_0_0_305|            0.946935|             4.289997|           0.022619|         5.259551
307  |*i_0_0_306|            0.584309|             1.174907|           0.017393|         1.776609
308  |*i_0_0_307|            1.532506|             1.439678|           0.047399|         3.019582
309  |*i_0_0_308|            0.925096|             3.900717|           0.022619|         4.848432
310  |*i_0_0_309|            0.315866|             0.631656|           0.017393|         0.964916
311  |*i_0_0_310|            0.698832|             0.972406|           0.014353|         1.685592
312  |*i_0_0_311|            1.209082|             7.906259|           0.034026|         9.149366
313  |*i_0_0_312|            0.949109|             3.795062|           0.022619|         4.766790
314  |*i_0_0_313|            0.588056|             1.174907|           0.017393|         1.780356
315  |*i_0_0_314|            0.922570|             0.936735|           0.022619|         1.881924
316  |*i_0_0_315|            1.194584|             1.407841|           0.032612|         2.635037
317  |*i_0_0_316|            0.947370|             4.163510|           0.022619|         5.133500
318  |*i_0_0_317|            0.587859|             1.174907|           0.017393|         1.780159
319  |*i_0_0_318|            1.190871|             1.438696|           0.034026|         2.663593
320  |*i_0_0_319|            0.965939|             4.289996|           0.027858|         5.283793
321  |*i_0_0_320|            0.591342|             1.162166|           0.021200|         1.774707
322  |*i_0_0_321|            1.428526|             1.460783|           0.041741|         2.931051
323  |*i_0_0_322|            0.949408|             3.768139|           0.022619|         4.740167
324  |*i_0_0_323|            0.584309|             1.174907|           0.017393|         1.776609
325  |*i_0_0_324|            0.581082|             0.773300|           0.021200|         1.375581
326  |*i_0_0_325|            1.274920|             1.480383|           0.034026|         2.789329
327  |*i_0_0_326|            0.948638|             3.837435|           0.022619|         4.808692
328  |*i_0_0_327|            0.588845|             1.174907|           0.017393|         1.781145
329  |*i_0_0_328|            1.426145|             1.514300|           0.041741|         2.982186
330  |*i_0_0_329|            0.949408|             3.768139|           0.022619|         4.740167
331  |*i_0_0_330|            0.597574|             1.174907|           0.017393|         1.789874
332  |*i_0_0_331|            0.721626|             0.802641|           0.027858|         1.552126
333  |*i_0_0_332|            1.276616|             1.411927|           0.034026|         2.722569
334  |*i_0_0_333|            0.948638|             3.837435|           0.022619|         4.808692
335  |*i_0_0_334|            0.588845|             1.174907|           0.017393|         1.781145
336  |*i_0_0_335|            1.140953|             1.380712|           0.032612|         2.554277
337  |*i_0_0_336|            0.947370|             4.163510|           0.022619|         5.133500
338  |*i_0_0_337|            0.587464|             1.174907|           0.017393|         1.779765
339  |*i_0_0_338|            1.191087|             1.209138|           0.033938|         2.434162
340  |*i_0_0_339|            0.948389|             3.867559|           0.022619|         4.838568
341  |*i_0_0_340|            0.583717|             1.174907|           0.017393|         1.776018
342  |*i_0_0_341|            0.925711|             1.021568|           0.022619|         1.969899
343  |*i_0_0_342|            1.236272|             1.377066|           0.032612|         2.645949
344  |*i_0_0_343|            0.998367|             3.882543|           0.022619|         4.903529
345  |*i_0_0_344|            0.688832|             1.368907|           0.017393|         2.075133
346  |*i_0_0_345|            0.883697|             1.463664|           0.027858|         2.375219
347  |*i_0_0_346|            1.657783|             1.981409|           0.035928|         3.675121
348  |*i_0_0_347|            0.918894|             4.311674|           0.022619|         5.253188
349  |*i_0_0_348|            0.430804|             0.631656|           0.017393|         1.079854
350  |*i_0_0_349|            0.220231|             0.643321|           0.017393|         0.880945
351  |*i_0_0_350|            0.000000|             0.000022|           0.014353|         0.014375
352  |*i_0_0_351|            0.000009|             0.000140|           0.021200|         0.021348
353  |*i_0_0_352|            0.000015|             0.000045|           0.014353|         0.014413
354  |*i_0_0_353|            0.000018|             0.000295|           0.017393|         0.017707
355  |*i_0_0_354|            0.000102|             0.000173|           0.027025|         0.027300
356  |*i_0_0_355|            0.316325|             0.226455|           0.032601|         0.575381
357  |*i_0_0_356|            0.316630|             0.215800|           0.032601|         0.565032
358  |*i_0_0_357|            0.296906|             0.207034|           0.032601|         0.536541
359  |*i_0_0_358|            0.317177|             0.196694|           0.032601|         0.546472
360  |*i_0_0_359|            0.693768|             2.889597|           0.017393|         3.600758
361  |*i_0_0_360|            0.365610|            25.994476|           0.014353|        26.374439
362  |*i_0_0_361|            0.966718|            13.345224|           0.032612|        14.344554
363  |*i_0_0_362|            0.749779|             1.153437|           0.027858|         1.931074
364  |*i_0_0_363|            0.223709|             0.322604|           0.021200|         0.567512
365  |*i_0_0_364|            0.208001|             1.270309|           0.014353|         1.492663
366  |*i_0_0_365|            0.463042|             4.711065|           0.018105|         5.192212
367  |*i_0_0_366|            1.149108|             1.206421|           0.033938|         2.389467
368  |*i_0_0_367|            0.951340|             3.694765|           0.022619|         4.668725
369  |*i_0_0_368|            0.565549|             1.130391|           0.017393|         1.713333
370  |*i_0_0_369|            0.921360|             1.014492|           0.022619|         1.958471
371  |*i_0_0_370|            1.159137|             1.328197|           0.032612|         2.519945
372  |*i_0_0_371|            0.952110|             3.620649|           0.022619|         4.595378
373  |*i_0_0_372|            0.566433|             1.130391|           0.017393|         1.714217
374  |*i_0_0_373|            0.716028|             1.176665|           0.021200|         1.913892
375  |*i_0_0_374|            0.959504|             2.908725|           0.022619|         3.890848
376  |*i_0_0_375|            0.898111|             1.438665|           0.022619|         2.359396
377  |*i_0_0_376|            0.525110|             0.807906|           0.017393|         1.350409
378  |*i_0_0_377|            0.576602|             1.130391|           0.017393|         1.724386
379  |*i_0_0_378|            1.019024|             1.424142|           0.027858|         2.471025
380  |*i_0_0_379|            0.788465|             1.175322|           0.027858|         1.991645
381  |*i_0_0_380|            1.274492|             1.413038|           0.034026|         2.721555
382  |*i_0_0_381|            0.948396|             4.122001|           0.022619|         5.093017
383  |*i_0_0_382|            0.569265|             1.130391|           0.017393|         1.717049
384  |*i_0_0_383|            1.193349|             1.485501|           0.032612|         2.711462
385  |*i_0_0_384|            0.948535|             4.081544|           0.022619|         5.052699
386  |*i_0_0_385|            0.568557|             1.130391|           0.017393|         1.716341
387  |*i_0_0_386|            1.133000|             1.229128|           0.033938|         2.396066
388  |*i_0_0_387|            0.506964|             3.862946|           0.014353|         4.384263
389  |*i_0_0_388|            0.903567|             7.635478|           0.022619|         8.561664
390  |*i_0_0_389|            0.525110|             0.807906|           0.017393|         1.350409
391  |*i_0_0_390|            0.918323|             1.028120|           0.022619|         1.969062
392  |*i_0_0_391|            1.162003|             1.328197|           0.032612|         2.522811
393  |*i_0_0_392|            0.952110|             3.620649|           0.022619|         4.595378
394  |*i_0_0_393|            0.569442|             1.130391|           0.017393|         1.717226
395  |*i_0_0_394|            1.273705|             1.459426|           0.034026|         2.767157
396  |*i_0_0_395|            0.948094|             4.209690|           0.022619|         5.180403
397  |*i_0_0_396|            0.568162|             1.130391|           0.017393|         1.715946
398  |*i_0_0_397|            1.035935|             1.429942|           0.027858|         2.493736
399  |*i_0_0_398|            0.948278|             4.156056|           0.022619|         5.126954
400  |*i_0_0_399|            0.565349|             1.130391|           0.017393|         1.713132
401  |*i_0_0_400|            0.847417|             1.340199|           0.027858|         2.215474
402  |*i_0_0_401|            1.160899|             1.401998|           0.032612|         2.595509
403  |*i_0_0_402|            0.887841|             1.245687|           0.022619|         2.156147
404  |*i_0_0_403|            0.727722|             1.377477|           0.017393|         2.122592
405  |*i_0_0_404|            1.153944|             1.214059|           0.033938|         2.401941
406  |*i_0_0_405|            0.906449|             1.022219|           0.022619|         1.951288
407  |*i_0_0_406|            1.292262|             1.407304|           0.032612|         2.732178
408  |*i_0_0_407|            0.962992|             3.665167|           0.027858|         4.656017
409  |*i_0_0_408|            0.561563|             1.118132|           0.021200|         1.700895
410  |*i_0_0_409|            1.031068|             1.308184|           0.022619|         2.361871
411  |*i_0_0_410|            0.906187|             2.017825|           0.022619|         2.946631
412  |*i_0_0_411|            0.525110|             0.807906|           0.017393|         1.350409
413  |*i_0_0_412|            0.947919|             4.260205|           0.022619|         5.230744
414  |*i_0_0_413|            0.569442|             1.130391|           0.017393|         1.717226
415  |*i_0_0_414|            0.598696|             0.862152|           0.017393|         1.478242
416  |*i_0_0_415|            0.952827|             3.551602|           0.022619|         4.527049
417  |*i_0_0_416|            0.568911|             1.130391|           0.017393|         1.716695
418  |*i_0_0_417|            0.948672|             4.041851|           0.022619|         5.013142
419  |*i_0_0_418|            0.569442|             1.130391|           0.017393|         1.717226
420  |*i_0_0_419|            0.722893|             1.145451|           0.021200|         1.889543
421  |*i_0_0_420|            0.948125|             4.200665|           0.022619|         5.171409
422  |*i_0_0_421|            0.565726|             1.130391|           0.017393|         1.713509
423  |*i_0_0_422|            0.432531|            33.235184|           0.014353|        33.682068
424  |*i_0_0_423|            1.062780|            17.439091|           0.034026|        18.535896
425  |*i_0_0_424|            1.008176|             1.451463|           0.022619|         2.482259
426  |*i_0_0_425|            0.875684|             1.304562|           0.017393|         2.197639
427  |*i_0_0_426|            0.797660|             2.088119|           0.017393|         2.903172
428  |*i_0_0_427|            1.396126|             1.456021|           0.041741|         2.893888
429  |*i_0_0_428|            0.962859|             3.706313|           0.022619|         4.691792
430  |*i_0_0_429|            0.521861|             1.070809|           0.017393|         1.610063
431  |*i_0_0_430|            0.769564|             0.884082|           0.027858|         1.681504
432  |*i_0_0_431|            1.268027|             1.411525|           0.034026|         2.713578
433  |*i_0_0_432|            0.961720|             3.817395|           0.022619|         4.801735
434  |*i_0_0_433|            0.521791|             1.070809|           0.017393|         1.609993
435  |*i_0_0_434|            1.190765|             1.434214|           0.032612|         2.657591
436  |*i_0_0_435|            0.954154|             5.621377|           0.022619|         6.598152
437  |*i_0_0_436|            0.521791|             1.070809|           0.017393|         1.609993
438  |*i_0_0_437|            0.919296|             1.294874|           0.022619|         2.236789
439  |*i_0_0_438|            0.959171|             4.231785|           0.022619|         5.213575
440  |*i_0_0_439|            0.521791|             1.070809|           0.017393|         1.609993
441  |*i_0_0_440|            0.901780|             1.407341|           0.022619|         2.331741
442  |*i_0_0_441|            1.207114|             1.437387|           0.034026|         2.678527
443  |*i_0_0_442|            0.996749|             1.390567|           0.027858|         2.415174
444  |*i_0_0_443|            0.508517|             4.263783|           0.014353|         4.786653
445  |*i_0_0_444|            0.917780|             7.770236|           0.022619|         8.710635
446  |*i_0_0_445|            0.685981|             1.070809|           0.017393|         1.774183
447  |*i_0_0_446|            0.861858|             1.363415|           0.027858|         2.253131
448  |*i_0_0_447|            1.190744|             1.434214|           0.032612|         2.657570
449  |*i_0_0_448|            0.901742|             1.268760|           0.022619|         2.193121
450  |*i_0_0_449|            0.726358|             1.381113|           0.017393|         2.124864
451  |*i_0_0_450|            1.202203|             1.206485|           0.033938|         2.442626
452  |*i_0_0_451|            0.910605|             0.999289|           0.022619|         1.932513
453  |*i_0_0_452|            1.191906|             1.358717|           0.032612|         2.583235
454  |*i_0_0_453|            0.961783|             3.729853|           0.022619|         4.714255
455  |*i_0_0_454|            0.497839|             1.015386|           0.017393|         1.530618
456  |*i_0_0_455|            0.735755|             1.143190|           0.021200|         1.900144
457  |*i_0_0_456|            0.959098|             4.252048|           0.022619|         5.233765
458  |*i_0_0_457|            0.521791|             1.070809|           0.017393|         1.609993
459  |*i_0_0_458|            1.021739|             1.430452|           0.027858|         2.480048
460  |*i_0_0_459|            0.788367|             1.178621|           0.027858|         1.994847
461  |*i_0_0_460|            1.272789|             1.391699|           0.034026|         2.698514
462  |*i_0_0_461|            0.959304|             4.194750|           0.022619|         5.176673
463  |*i_0_0_462|            0.521809|             1.070809|           0.017393|         1.610011
464  |*i_0_0_463|            1.280877|             1.484716|           0.032612|         2.798206
465  |*i_0_0_464|            0.509151|             4.235247|           0.014353|         4.758751
466  |*i_0_0_465|            0.918087|             7.770236|           0.022619|         8.710942
467  |*i_0_0_466|            0.685981|             1.070809|           0.017393|         1.774183
468  |*i_0_0_467|            0.726092|             0.858469|           0.022039|         1.606600
469  |*i_0_0_468|            0.516031|             2.862253|           0.014353|         3.392637
470  |*i_0_0_469|            1.822098|             7.891103|           0.035928|         9.749130
471  |*i_0_0_470|            0.959094|             4.253068|           0.022619|         5.234782
472  |*i_0_0_471|            0.521809|             1.070809|           0.017393|         1.610011
473  |*i_0_0_472|            0.626926|             0.904779|           0.017393|         1.549098
474  |*i_0_0_473|            0.963326|             3.660746|           0.022619|         4.646692
475  |*i_0_0_474|            0.521791|             1.070809|           0.017393|         1.609993
476  |*i_0_0_475|            0.959431|             4.159648|           0.022619|         5.141698
477  |*i_0_0_476|            0.521861|             1.070809|           0.017393|         1.610063
478  |*i_0_0_477|            0.736720|             1.112863|           0.021200|         1.870783
479  |*i_0_0_478|            0.959098|             4.252048|           0.022619|         5.233765
480  |*i_0_0_479|            0.521878|             1.070809|           0.017393|         1.610081
481  |*i_0_0_480|            0.648329|             0.951398|           0.017393|         1.617120
482  |*i_0_0_481|            0.959545|             4.128172|           0.022619|         5.110336
483  |*i_0_0_482|            0.521809|             1.070809|           0.017393|         1.610011
484  |*i_0_0_483|            0.473077|            37.761551|           0.014353|        38.248981
485  |*i_0_0_484|            0.939389|            12.968849|           0.027858|        13.936096
486  |*i_0_0_485|            1.069202|             1.298988|           0.034566|         2.402755
487  |*i_0_0_486|            0.640897|             0.739677|           0.021200|         1.401774
488  |*i_0_0_487|            0.833391|             0.876881|           0.027858|         1.738130
489  |*i_0_0_488|            1.202666|             1.391016|           0.034026|         2.627708
490  |*i_0_0_489|            1.227168|             1.483988|           0.032612|         2.743768
491  |*i_0_0_490|            0.982882|             1.326640|           0.022619|         2.332142
492  |*i_0_0_491|            0.882236|             1.408553|           0.027858|         2.318647
493  |*i_0_0_492|            0.634565|             1.032332|           0.021200|         1.688096
494  |*i_0_0_493|            1.227238|             1.483988|           0.032612|         2.743838
495  |*i_0_0_494|            1.068454|             1.345083|           0.022039|         2.435576
496  |*i_0_0_495|            0.668336|             1.096834|           0.017393|         1.782563
497  |*i_0_0_496|            1.108343|             1.341043|           0.022039|         2.471425
498  |*i_0_0_497|            0.668428|             1.096834|           0.017393|         1.782655
499  |*i_0_0_498|            1.317454|             1.368077|           0.033938|         2.719469
500  |*i_0_0_499|            0.653308|             0.922585|           0.017393|         1.593286
501  |*i_0_0_500|            1.228161|             1.388680|           0.032612|         2.649453
502  |*i_0_0_501|            1.075460|             1.285360|           0.034026|         2.394846
503  |*i_0_0_502|            1.214821|             1.345069|           0.041741|         2.601631
504  |*i_0_0_503|            0.640656|             0.763568|           0.021200|         1.425423
505  |*i_0_0_504|            1.231624|             1.037790|           0.032612|         2.302026
506  |*i_0_0_505|            0.985965|             0.839287|           0.022039|         1.847291
507  |*i_0_0_506|            0.668409|             1.096834|           0.017393|         1.782637
508  |*i_0_0_507|            1.410993|             1.462350|           0.033938|         2.907281
509  |*i_0_0_508|            0.675751|             0.761796|           0.017393|         1.454941
510  |*i_0_0_509|            1.058053|             0.882685|           0.022619|         1.963357
511  |*i_0_0_510|            0.633325|             1.086755|           0.021200|         1.741279
512  |*i_0_0_511|            0.958317|             2.416109|           0.014353|         3.388780
513  |*i_0_0_512|            0.851216|             4.265029|           0.014353|         5.130598
514  |*i_0_0_513|            1.035796|             1.370355|           0.014353|         2.420503
515  |*i_0_0_514|            0.931864|             2.872785|           0.014353|         3.819001
516  |*i_0_0_515|            0.853297|             4.229099|           0.014353|         5.096749
517  |*i_0_0_516|            1.036302|             1.363718|           0.014353|         2.414373
518  |*i_0_0_517|            0.882404|             3.726619|           0.014353|         4.623376
519  |*i_0_0_518|            0.877013|             3.819679|           0.014353|         4.711046
520  |*i_0_0_519|            0.855178|             4.196632|           0.014353|         5.066163
521  |*i_0_0_520|            0.862947|             4.062506|           0.014353|         4.939806
522  |*i_0_0_521|            0.858581|             4.137894|           0.014353|         5.010827
523  |*i_0_0_522|            0.852147|             4.248957|           0.014353|         5.115457
524  |*i_0_0_523|            0.855205|             4.196167|           0.014353|         5.065725
525  |*i_0_0_524|            0.880517|             3.759191|           0.014353|         4.654061
526  |*i_0_0_525|            0.890044|             3.594733|           0.014353|         4.499130
527  |*i_0_0_526|            0.858581|             4.137894|           0.014353|         5.010827
528  |*i_0_0_527|            0.854064|             4.215859|           0.014353|         5.084276
529  |*i_0_0_528|            0.855932|             4.183618|           0.014353|         5.053903
530  |*i_0_0_529|            0.851420|             4.261507|           0.014353|         5.127279
531  |*i_0_0_530|            0.881121|             3.748770|           0.014353|         4.644244
532  |*i_0_0_531|            0.841306|             4.436105|           0.014353|         5.291764
533  |          |                    |                     |                   |                 
534  |*TOTAL    |          459.003571|          1406.189697|          12.800630|      1877.993896
-----+----------+--------------------+---------------------+-------------------+-----------------
