
######################################################
#  Export Flow                                       #
# Version : 2019.1.R2                                #
#  Fix process antennas, add fillers & metal fill    #
#  Output design data.                               #
#  Control vars defined in flow_variables.tcl        #
#                                                    #
######################################################

Nitro-SoC> # config_shell -echo_script false
info UI33: performed source of flow_variables.tcl for 0 sec (CPU time: 0 sec; MEM: RSS - 262M, CVMEM - 1692M, PVMEM - 1870M)
info UI33: performed source of scr/kit_utils.tcl for 0 sec (CPU time: 0 sec; MEM: RSS - 262M, CVMEM - 1692M, PVMEM - 1870M)
Loading utility util::nrf_utils
  util::save_vars already loaded.  Use -force true to overwrite
Loading utility util::db_utils
NRF info: Checking flow variables for export
NRF info: Verifying user input for export
Storing TCL variables as db root property
info UI33: performed source of nrf_customization.tcl for 0 sec (CPU time: 0 sec; MEM: RSS - 262M, CVMEM - 1692M, PVMEM - 1870M)
warning UI4: Only 1 cores are available; the -cpus argument was set to 2.
Checking Antenna rules:
  OXIDE1:
metal1:
  No rules are defined
metal2:
  No rules are defined
metal3:
  No rules are defined
metal4:
  No rules are defined
metal5:
  No rules are defined
metal6:
  No rules are defined
metal7:
  No rules are defined
metal8:
  No rules are defined
metal9:
  No rules are defined
metal10:
  No rules are defined

Checking Antenna library:
Preparing nets ...
Processing nets: 10% 20% 30% 40% 50% 60% 70% 80% 90% 100% 
  All pins have Antenna area information

Antenna verification progress:
Preparing nets ...
Processing nets: 10% 20% 30% 40% 50% 60% 70% 80% 90% 100% 
Skip 34 nets with insufficient antenna information.

Report 'report_ant': Report Antenna
Generated on Thu May 6 04:27:31 2021
  
----------------------------------------------------------------------------------------------------
|                                   Antenna verification report                                    |
|-------+--------+--------+--------+--------+--------+--------+--------+--------+--------+---------|
| TOTAL | metal1 | metal2 | metal3 | metal4 | metal5 | metal6 | metal7 | metal8 | metal9 | metal10 | 
----------------------------------------------------------------------------------------------------


info UI33: performed Antenna verification for 0 sec (CPU time: 0 sec; MEM: RSS - 262M, CVMEM - 1692M, PVMEM - 1870M)
warning UI4: Only 1 cores are available; the -cpus argument was set to 2.
Antenna fixing progress:
Preparing nets ...
Processing nets: 10% 20% 30% 40% 50% 60% 70% 80% 90% 100% 
Skip 34 nets with insufficient antenna information.


Incremental timing update of 0 nets
Report 'report_ant': Report Antenna
Generated on Thu May 6 04:27:31 2021
  
----------------------------------------------------------------------------------------------------
|                                   Antenna verification report                                    |
|-------+--------+--------+--------+--------+--------+--------+--------+--------+--------+---------|
| TOTAL | metal1 | metal2 | metal3 | metal4 | metal5 | metal6 | metal7 | metal8 | metal9 | metal10 | 
----------------------------------------------------------------------------------------------------


info UI33: performed Antenna fixing for 0 sec (CPU time: 0 sec; MEM: RSS - 262M, CVMEM - 1692M, PVMEM - 1870M)
info DRC201: Only violations caused by detail_route shapes are being checked.
DRC verification progress:
Processing metal1: 100% 
Processing metal2: 100% 
Processing metal3: 100% 
Processing metal4: 100% 
Processing metal5: 100% 
Processing metal6: 100% 
Processing metal7: 100% 
Processing metal8: 100% 
Processing metal9: 100% 
Processing metal10: 100% 

Report 'report_drc': Report Drc
Generated on Thu May 6 04:27:31 2021
  
----------------------------------------------------------------------------------------------------------------------------
|                                                 DRC verification report                                                  |
|-----------------------+-------+--------+--------+--------+--------+--------+--------+--------+--------+--------+---------|
|                       | TOTAL | metal1 | metal2 | metal3 | metal4 | metal5 | metal6 | metal7 | metal8 | metal9 | metal10 | 
|-----------------------+-------+--------+--------+--------+--------+--------+--------+--------+--------+--------+---------|
| Grid                  | 0     | 0      | 0      | 0      | 0      | 0      | 0      | 0      | 0      | 0      | 0       | 
|-----------------------+-------+--------+--------+--------+--------+--------+--------+--------+--------+--------+---------|
| Width                 | 0     | 0      | 0      | 0      | 0      | 0      | 0      | 0      | 0      | 0      | 0       | 
|-----------------------+-------+--------+--------+--------+--------+--------+--------+--------+--------+--------+---------|
| Minimum samenet space | 0     | 0      | 0      | 0      | 0      | 0      | 0      | 0      | 0      | 0      | 0       | 
|-----------------------+-------+--------+--------+--------+--------+--------+--------+--------+--------+--------+---------|
| Fat samenet space     | 0     | -      | 0      | 0      | 0      | 0      | 0      | 0      | 0      | 0      | 0       | 
|-----------------------+-------+--------+--------+--------+--------+--------+--------+--------+--------+--------+---------|
| Minimum diffnet space | 0     | 0      | 0      | 0      | 0      | 0      | 0      | 0      | 0      | 0      | 0       | 
|-----------------------+-------+--------+--------+--------+--------+--------+--------+--------+--------+--------+---------|
| Fat diffnet space     | 0     | -      | 0      | 0      | 0      | 0      | 0      | 0      | 0      | 0      | 0       | 
|-----------------------+-------+--------+--------+--------+--------+--------+--------+--------+--------+--------+---------|
| Diffnet short         | 0     | 0      | 0      | 0      | 0      | 0      | 0      | 0      | 0      | 0      | 0       | 
|-----------------------+-------+--------+--------+--------+--------+--------+--------+--------+--------+--------+---------|
| Prohibited routing    | 0     | 0      | 0      | 0      | 0      | 0      | 0      | 0      | 0      | 0      | 0       | 
|-----------------------+-------+--------+--------+--------+--------+--------+--------+--------+--------+--------+---------|
|                       | TOTAL | CO     | via1   | via2   | via3   | via4   | via5   | via6   | via7   | via8   | via9    | 
|-----------------------+-------+--------+--------+--------+--------+--------+--------+--------+--------+--------+---------|
| Grid                  | 0     | 0      | 0      | 0      | 0      | 0      | 0      | 0      | 0      | 0      | 0       | 
|-----------------------+-------+--------+--------+--------+--------+--------+--------+--------+--------+--------+---------|
| Size                  | 0     | -      | 0      | 0      | 0      | 0      | 0      | 0      | 0      | 0      | 0       | 
|-----------------------+-------+--------+--------+--------+--------+--------+--------+--------+--------+--------+---------|
| Minimum space         | 0     | 0      | 0      | 0      | 0      | 0      | 0      | 0      | 0      | 0      | 0       | 
----------------------------------------------------------------------------------------------------------------------------


info UI33: performed DRC verification for 0 sec (CPU time: 0 sec; MEM: RSS - 262M, CVMEM - 1692M, PVMEM - 1870M)
NRF info: Placing filler cells using lib cells: FILLCELL_X8 FILLCELL_X4 FILLCELL_X32 FILLCELL_X2 FILLCELL_X16 FILLCELL_X1

warning UI4: Only 1 cores are available; the -cpus argument was set to 2.
info Removing existing filler cells.
info UI49: removed 0 core filler cells
info UI49: inserted 62 core filler cells
info DUM207: place_filler_cells: re-initialized cell-density map for partition Softmax old bin-size 8x8 rows new bin-size 8x8 rows.
info DUM203: place_filler_cells: created cell-density map for partition Softmax with max-util 100 and bin-size 8x8 rows.
info UI33: performed core filler cells placement for 0 sec (CPU time: 0 sec; MEM: RSS - 262M, CVMEM - 1692M, PVMEM - 1870M)
NRF info: Checking for unfilled gaps after filler cell insertion
info UI49: Found 0 unfilled gaps (0 minimum sites).
info UI33: performed check_unfilled_gaps for 0 sec (CPU time: 0 sec; MEM: RSS - 262M, CVMEM - 1692M, PVMEM - 1870M)
info DRC201: Only violations caused by detail_route shapes are being checked.
DRC verification progress:
Processing metal1: 100% 
Processing metal2: 100% 
Processing metal3: 100% 
Processing metal4: 100% 
Processing metal5: 100% 
Processing metal6: 100% 
Processing metal7: 100% 
Processing metal8: 100% 
Processing metal9: 100% 
Processing metal10: 100% 

Report 'report_drc': Report Drc
Generated on Thu May 6 04:27:31 2021
  
----------------------------------------------------------------------------------------------------------------------------
|                                                 DRC verification report                                                  |
|-----------------------+-------+--------+--------+--------+--------+--------+--------+--------+--------+--------+---------|
|                       | TOTAL | metal1 | metal2 | metal3 | metal4 | metal5 | metal6 | metal7 | metal8 | metal9 | metal10 | 
|-----------------------+-------+--------+--------+--------+--------+--------+--------+--------+--------+--------+---------|
| Grid                  | 0     | 0      | 0      | 0      | 0      | 0      | 0      | 0      | 0      | 0      | 0       | 
|-----------------------+-------+--------+--------+--------+--------+--------+--------+--------+--------+--------+---------|
| Width                 | 0     | 0      | 0      | 0      | 0      | 0      | 0      | 0      | 0      | 0      | 0       | 
|-----------------------+-------+--------+--------+--------+--------+--------+--------+--------+--------+--------+---------|
| Minimum samenet space | 0     | 0      | 0      | 0      | 0      | 0      | 0      | 0      | 0      | 0      | 0       | 
|-----------------------+-------+--------+--------+--------+--------+--------+--------+--------+--------+--------+---------|
| Fat samenet space     | 0     | -      | 0      | 0      | 0      | 0      | 0      | 0      | 0      | 0      | 0       | 
|-----------------------+-------+--------+--------+--------+--------+--------+--------+--------+--------+--------+---------|
| Minimum diffnet space | 0     | 0      | 0      | 0      | 0      | 0      | 0      | 0      | 0      | 0      | 0       | 
|-----------------------+-------+--------+--------+--------+--------+--------+--------+--------+--------+--------+---------|
| Fat diffnet space     | 0     | -      | 0      | 0      | 0      | 0      | 0      | 0      | 0      | 0      | 0       | 
|-----------------------+-------+--------+--------+--------+--------+--------+--------+--------+--------+--------+---------|
| Diffnet short         | 0     | 0      | 0      | 0      | 0      | 0      | 0      | 0      | 0      | 0      | 0       | 
|-----------------------+-------+--------+--------+--------+--------+--------+--------+--------+--------+--------+---------|
| Prohibited routing    | 0     | 0      | 0      | 0      | 0      | 0      | 0      | 0      | 0      | 0      | 0       | 
|-----------------------+-------+--------+--------+--------+--------+--------+--------+--------+--------+--------+---------|
|                       | TOTAL | CO     | via1   | via2   | via3   | via4   | via5   | via6   | via7   | via8   | via9    | 
|-----------------------+-------+--------+--------+--------+--------+--------+--------+--------+--------+--------+---------|
| Grid                  | 0     | 0      | 0      | 0      | 0      | 0      | 0      | 0      | 0      | 0      | 0       | 
|-----------------------+-------+--------+--------+--------+--------+--------+--------+--------+--------+--------+---------|
| Size                  | 0     | -      | 0      | 0      | 0      | 0      | 0      | 0      | 0      | 0      | 0       | 
|-----------------------+-------+--------+--------+--------+--------+--------+--------+--------+--------+--------+---------|
| Minimum space         | 0     | 0      | 0      | 0      | 0      | 0      | 0      | 0      | 0      | 0      | 0       | 
----------------------------------------------------------------------------------------------------------------------------


info UI33: performed DRC verification for 0 sec (CPU time: 0 sec; MEM: RSS - 262M, CVMEM - 1692M, PVMEM - 1870M)
info UI34: no objects were found for '*'
info UI36: Writing Verilog file 'output/Softmax.v.gz'.
warning VLOG4: Detected multi-port output net(s). Introducing ASSIGN statements.
info UI33: performed verilog write for 0 sec (CPU time: 0 sec; MEM: RSS - 262M, CVMEM - 1692M, PVMEM - 1870M)
info UI36: Writing DEF file 'output/Softmax.def.gz'.
info UI33: performed DEF write for 0 sec (CPU time: 0 sec; MEM: RSS - 262M, CVMEM - 1692M, PVMEM - 1870M)
Annotate antenna information on 48 pins from 48 nets
Antenna verification progress:
Preparing nets ...
Processing nets: 10% 20% 30% 40% 50% 60% 70% 80% 90% 100% 
NRF warning: No GDS layer-map file specified in flow variable MGC_gds_layer_map_file.  GDS will not be written
warning UI4: Only 1 cores are available; the -cpus argument was set to 4.
info UI36: Writing folded database file '/home/vlsi/Desktop/Lab3PnR/work/dbs/export.db'.
info Writing design...
info Writing timer configuration...
info Writing SI configuration...
info Writing Parasitic Models and Extractor configuration...
info Writing Scan data
info Writing Trailing data
info Writing partitions...
info UI33: performed database save for 0 sec (CPU time: 0 sec; MEM: RSS - 262M, CVMEM - 1692M, PVMEM - 1870M)
NRF info: Reports started Thu May 06 04:27:32 EET 2021
Report 'application': Application Report
Generated on Thu May 6 04:27:32 2021
  
-------------------------------------------------------------------------------------------
|                      Application CPU time and memory usage status                       |
|-----------------------------------------------------------------------------------------|
| Total memory (MBytes)    | 1692                                                         | 
| Heap memory (MBytes)     | 1184                                                         | 
| Resident memory (MBytes) | 262                                                          | 
| CPU time (minutes)       | 0.57                                                         | 
| Elapsed time (minutes)   | 14.45                                                        | 
| Load Averages            | 6.42 6.34 6.16                                               | 
| Build                    | 1.68700.2.290                                                | 
| Version                  | version 2019.1.R2 1.68700.2.290 Fri Nov 29 21:06:00 PST 2019 | 
| Calibre Version          | Calibre library v2019.2_14.13                                | 
| Computer Name            | localhost.localdomain                                        | 
| Cores                    | 1                                                            | 
| Frequency (GHz)          | 2.4                                                          | 
| Execution mode           | 64                                                           | 
| Process id               | 119334                                                       | 
| Interaction mode         | window                                                       | 
| Log file                 | LOGs/nitor.log                                               | 
| Journal file             | LOGs/nitro.journal                                           | 
| Working directory        | /home/vlsi/Desktop/Lab3PnR/work/.nitro_tmp_localhost.localdo | 
|                          main_119334                                                  | 
-------------------------------------------------------------------------------------------


-----------------------------------------------------------------------------------------
| Name                                                        | Value      | Default    | 
|-------------------------------------------------------------+------------+------------|
| cpus                                                        | 2          | 4          | 
| create_io_path_groups                                       | true       | false      | 
| create_clock_check_path_group                               | false      | false      | 
| derate_annotated_delays                                     | true       | true       | 
| disable_auto_clock_gating_checks                            | false      | false      | 
| disable_case_analysis                                       | false      | false      | 
| disable_clock_gating_checks                                 | false      | false      | 
| disable_recovery_removal_checks                             | false      | false      | 
| disable_seq_case_analysis                                   | true       | true       | 
| enable_clock_gating_propagate                               | true       | true       | 
| early_launch_at_borrowing_latches                           | false      | true       | 
| enable_default_for_cond_arcs                                | true       | true       | 
| enable_default_input_delays                                 | false      | true       | 
| enable_non_unate_clock_paths                                | true       | true       | 
| enable_path_segmentation                                    | true       | true       | 
| enable_port_clock_leaves                                    | false      | false      | 
| enable_preset_clear_arcs                                    | false      | false      | 
| enable_setup_independent_hold_checks                        | true       | true       | 
| estimated_delays                                            | false      | false      | 
| ignore_driving_cell_for_annotated_delays                    | true       | true       | 
| sdf_includes_si_delays                                      | false      | false      | 
| report_unconstrained_path                                   | false      | false      | 
| use_si_slew_for_max_transition                              | false      | false      | 
| zero_rc_delays                                              | false      | false      | 
| ignore_driving_cell_for_clock_ports                         | false      | false      | 
| use_annotated_cts_offsets                                   | false      | false      | 
| enable_skew_estimation                                      | false      | false      | 
| valid_skew_estimation                                       | false      | false      | 
| enable_ideal_clock_data_tags                                | true       | true       | 
| enable_clock_propagation_through_three_state_enable_pins    | false      | false      | 
| disable_sequential_generation_of_waveform_preserving_clocks | false      | false      | 
| capacitance_violation_threshold                             | 0          | -2         | 
| derate_output_delay                                         | false      | false      | 
| additive_regular_ocv_for_advanced_ocv                       | false      | false      | 
| clock_source_use_driver_arc                                 | true       | true       | 
| use_pin_specific_clock_latency_and_propagation              | true       | true       | 
| sdf_is_derated                                              | false      | false      | 
| use_worst_constraint_from_all_slew_permutations             | true       | true       | 
| use_worst_of_early_and_late_libs_constraint                 | true       | true       | 
| clock_enable_separate_rise_fall_pin_capacitance             | false      | false      | 
| data_enable_separate_rise_fall_pin_capacitance              | false      | false      | 
| timing_slew_propagation_mode                                | worst_slew | worst_slew | 
| gclock_source_network_num_master_registers                  | 1000000    | 1000000    | 
| alpine_timing_mode                                          | -1         | -1         | 
| parametric_ocv                                              | false      | false      | 
| parametric_ocv_corner_sigma                                 | 3          | 3          | 
| enforce_explicit_library_association_to_corners             | false      | false      | 
| enable_slew_variation                                       | true       | true       | 
| low_geometry                                                | false      | false      | 
| precise_waveform_analysis                                   | false      | false      | 
-----------------------------------------------------------------------------------------


NRF info: Writing Timing Summary Reports Thu May 06 04:27:32 EET 2021
NRF info: Writing Detailed Setup Timing Path Reports Thu May 06 04:27:32 EET 2021
NRF info: Writing Detailed Hold Timing Path Reports Thu May 06 04:27:32 EET 2021
NRF info: Writing Timing Drc Reports Thu May 06 04:27:32 EET 2021
NRF info: Writing Physical Reports Thu May 06 04:27:32 EET 2021
NRF info: Reports completed Thu May 06 04:27:32 EET 2021
NRF info: Because Nitro is not being exited, supply nets are not propagated and power netlist is not output by default.

info UI33: performed source of flow_scripts/4_export.tcl for 1 sec (CPU time: 0 sec; MEM: RSS - 261M, CVMEM - 1692M, PVMEM - 1870M)
