Report End Points: 
-----+-------+------+-------+-----+-----+-----+-----+-----------+---------
     |Group  |Launch|Capture|Shift|Delay|Depth|Slack|Begin Point|End Point
-----+-------+------+-------+-----+-----+-----+-----+-----------+---------
1    |default|      |       |     |     |     |     |           |         
-----+-------+------+-------+-----+-----+-----+-----+-----------+---------
Report End Points: 
-----+-----+------+-------+-----+-----+-----+-----+-----------+---------
     |Group|Launch|Capture|Shift|Delay|Depth|Slack|Begin Point|End Point
-----+-----+------+-------+-----+-----+-----+-----+-----------+---------
1    |I2R  |      |       |     |     |     |     |           |         
-----+-----+------+-------+-----+-----+-----+-----+-----------+---------
Report End Points: 
-----+-----+--------------+-------+-------+-----+-----+-------+------------+------------
     |Group|Launch        |Capture|Shift  |Delay|Depth|Slack  |Begin Point |End Point   
-----+-----+--------------+-------+-------+-----+-----+-------+------------+------------
1    |I2O  |rtDefaultClock|vsysclk|60000.0|547.6|   15|40752.4|values[1][1]|class_out[1]
2    |I2O  |rtDefaultClock|vsysclk|60000.0|547.6|   15|40752.4|values[1][1]|class_out[2]
3    |I2O  |rtDefaultClock|vsysclk|60000.0|547.6|   15|40752.4|values[1][1]|class_out[3]
-----+-----+--------------+-------+-------+-----+-----+-------+------------+------------
Report End Points: 
-----+-----+------+-------+-----+-----+-----+-----+-----------+---------
     |Group|Launch|Capture|Shift|Delay|Depth|Slack|Begin Point|End Point
-----+-----+------+-------+-----+-----+-----+-----+-----------+---------
1    |R2O  |      |       |     |     |     |     |           |         
-----+-----+------+-------+-----+-----+-----+-----+-----------+---------
