warning: No library characterized for (process = 1.00 voltage = 0.85 temperature = 25.00) can be found in the database for power domain '/PD_TOP'  [NL-174]
Report Power (instances with prefix '*' are included in total) : 
-----+----------+--------------------+---------------------+-------------------+-----------------
     | Instance | Internal Power(uw) | Switching Power(uw) | Leakage Power(uw) | Total Power(uw) 
-----+----------+--------------------+---------------------+-------------------+-----------------
1    |*i_0_0_0  |            0.605649|             4.428940|           0.017393|         5.051982
2    |*i_0_0_1  |            0.000018|             0.001606|           0.021200|         0.022823
3    |*i_0_0_2  |            0.000074|             0.000175|           0.018127|         0.018376
4    |*i_0_0_3  |            0.314092|             0.334853|           0.032601|         0.681547
5    |*i_0_0_4  |            0.314236|             0.327331|           0.032601|         0.674169
6    |*i_0_0_5  |            0.386320|             0.321442|           0.027025|         0.734787
7    |*i_0_0_6  |            0.314487|             0.314247|           0.032601|         0.661335
8    |*i_0_0_7  |            0.472418|             1.315166|           0.014353|         1.801937
9    |*i_0_0_8  |            0.918811|             9.353353|           0.027858|        10.300022
10   |*i_0_0_9  |            0.679117|             1.032332|           0.021200|         1.732649
11   |*i_0_0_10 |            1.241321|             1.483988|           0.032612|         2.757921
12   |*i_0_0_11 |            1.305675|             1.368124|           0.033938|         2.707737
13   |*i_0_0_12 |            0.623041|             0.915961|           0.017393|         1.556396
14   |*i_0_0_13 |            1.228640|             1.388680|           0.032612|         2.649932
15   |*i_0_0_14 |            0.961369|             1.279001|           0.022619|         2.262990
16   |*i_0_0_15 |            0.949981|             1.408455|           0.022619|         2.381056
17   |*i_0_0_16 |            0.669648|             1.043649|           0.017393|         1.730691
18   |*i_0_0_17 |            1.202984|             1.436682|           0.034026|         2.673692
19   |*i_0_0_18 |            1.320708|             1.349863|           0.041741|         2.712312
20   |*i_0_0_19 |            0.835480|             0.951588|           0.027858|         1.814926
21   |*i_0_0_20 |            1.203486|             1.391016|           0.034026|         2.628529
22   |*i_0_0_21 |            1.228145|             1.483988|           0.032612|         2.744745
23   |*i_0_0_22 |            1.073080|             1.332711|           0.022039|         2.427831
24   |*i_0_0_23 |            0.700736|             1.070773|           0.017393|         1.788903
25   |*i_0_0_24 |            1.343277|             1.405589|           0.033938|         2.782804
26   |*i_0_0_25 |            0.629099|             0.915237|           0.017393|         1.561729
27   |*i_0_0_26 |            1.259032|             1.388680|           0.032612|         2.680325
28   |*i_0_0_27 |            1.158825|             1.298369|           0.022039|         2.479233
29   |*i_0_0_28 |            0.669144|             1.070773|           0.017393|         1.757311
30   |*i_0_0_29 |            1.178556|             1.279601|           0.033938|         2.492095
31   |*i_0_0_30 |            1.068962|             1.024740|           0.022619|         2.116322
32   |*i_0_0_31 |            1.228987|             1.405871|           0.032612|         2.667470
33   |*i_0_0_32 |            1.048840|             1.351801|           0.022619|         2.423260
34   |*i_0_0_33 |            0.927581|             2.946712|           0.014353|         3.888646
35   |*i_0_0_34 |            0.956308|             2.450789|           0.014353|         3.421451
36   |*i_0_0_35 |            0.963100|             2.333534|           0.014353|         3.310988
37   |*i_0_0_36 |            0.929464|             2.914216|           0.014353|         3.858033
38   |*i_0_0_37 |            0.935653|             2.807370|           0.014353|         3.757376
39   |*i_0_0_38 |            0.959677|             2.392634|           0.014353|         3.366664
40   |*i_0_0_39 |            0.962306|             2.347245|           0.014353|         3.323905
41   |*i_0_0_40 |            0.936116|             2.799368|           0.014353|         3.749837
42   |*i_0_0_41 |            0.929547|             2.912772|           0.014353|         3.856673
43   |*i_0_0_42 |            0.957121|             2.436763|           0.014353|         3.408237
44   |*i_0_0_43 |            0.956854|             2.441366|           0.014353|         3.412573
45   |*i_0_0_44 |            0.937258|             2.779653|           0.014353|         3.731265
46   |*i_0_0_45 |            0.876428|             3.829789|           0.014353|         4.720570
47   |*i_0_0_46 |            0.905462|             3.328558|           0.014353|         4.248373
48   |*i_0_0_47 |            0.908810|             3.270767|           0.014353|         4.193931
49   |          |                    |                     |                   |                 
50   |*TOTAL    |           42.175934|            88.466118|           1.084305|       131.726349
-----+----------+--------------------+---------------------+-------------------+-----------------
