Report for group default
Report for group I2R
Report for group I2O
------------------------------------------------------------------------------------------------------------------------------------------------------------
Startpoint: values[1][1]
    (Clocked by rtDefaultClock R)
Endpoint: class_out[1]
    (Clocked by vsysclk R)
Path Group: I2O
Data required time: 42000.0
    (Clock shift: 60000.0, minus Uncertainty: 0.0, plus Latency 0.0, minus Out delay: 18000.0)
Data arrival time: 1247.6
Slack: 40752.4
Logic depth: 15
------------------------------------------------------------------------------------------------------------------------------------------------------------
                                                     Arrival               Arc      Net               Net    Total   fan-                                   
Path                     Module/Cell           Edge     Time    Delay    Delay    Delay     Slew     Load     Load    out     Location Power Domain      (V)
                                                        (ps)     (ps)     (ps)     (ps)     (ps)     (ff)     (ff)    (#)      (um,um)                      
------------------------------------------------------------------------------------------------------------------------------------------------------------
values[1][1]             {set_input_delay}        f    700.0    700.0    700.0                        4.4     13.4      2    35,    0                       
i_0_0_31/B2->ZN          AOI22_X4                fr    778.8     78.8     78.5      0.3    100.0      0.8      4.7      1    36,   34  /PD_TOP        (1.10)
i_0_0_30/A->ZN           OAI21_X4                rf    800.5     21.7     21.7      0.0     25.4      0.8      3.4      1    36,   34  /PD_TOP        (1.10)
i_0_0_29/A->ZN           OAI221_X2               fr    825.9     25.4     25.4      0.0      9.1      0.9      5.0      1    36,   34  /PD_TOP        (1.10)
i_0_0_27/B->ZN           OAI211_X4               rf    859.7     33.8     33.8      0.0     42.5      0.7      4.5      1    36,   34  /PD_TOP        (1.10)
i_0_0_25/A1->ZN          NAND2_X4                fr    875.8     16.1     16.1      0.0     14.6      0.8      3.4      1    36,   34  /PD_TOP        (1.10)
i_0_0_24/A->ZN           OAI221_X2               rf    910.8     35.0     35.0      0.0      9.1      0.9      5.0      1    36,   34  /PD_TOP        (1.10)
i_0_0_22/B->ZN           OAI211_X4               fr    940.4     29.6     29.6      0.0     20.1      0.8      4.8      1    36,   34  /PD_TOP        (1.10)
i_0_0_19/B1->ZN          AOI21_X4                rf    957.0     16.6     16.6      0.0     22.0      0.8      3.4      1    36,   34  /PD_TOP        (1.10)
i_0_0_18/A->ZN           AOI221_X2               fr   1037.0     80.0     80.0      0.0      7.4      0.8      4.8      1    36,   34  /PD_TOP        (1.10)
i_0_0_15/B1->ZN          OAI21_X4                rf   1057.8     20.8     20.8      0.0     50.2      0.7      4.7      1    36,   34  /PD_TOP        (1.10)
i_0_0_14/A->ZN           OAI21_X4                fr   1078.2     20.4     20.4      0.0      9.6      0.7      4.4      1    36,   34  /PD_TOP        (1.10)
i_0_0_12/A1->ZN          NAND2_X4                rf   1092.4     14.2     14.2      0.0     18.5      0.8      3.4      1    36,   34  /PD_TOP        (1.10)
i_0_0_11/A->ZN           OAI221_X2               fr   1116.4     24.0     24.0      0.0      6.6      0.8      4.9      1    36,   34  /PD_TOP        (1.10)
i_0_0_8/B1->ZN           AOI21_X4*               rf   1156.8     40.4     40.4      0.0     42.1      1.3     31.0      2    36,   34  /PD_TOP        (1.10)
i_0_0_1/A1->ZN           NOR2_X4*                fr   1247.2     90.4     90.4      0.0     15.3     18.5    168.5     15    36,   34  /PD_TOP        (1.10)
class_out[1]                                      r   1247.6      0.4               0.4     15.3                             36,   70                       
------------------------------------------------------------------------------------------------------------------------------------------------------------
Report for group R2O
