warning: No library characterized for (process = 1.00 voltage = 0.85 temperature = 25.00) can be found in the database for power domain '/PD_TOP'  [NL-174]
Report Power (instances with prefix '*' are included in total) : 
-----+---------------------------+--------------------+---------------------+-------------------+-----------------
     | Instance                  | Internal Power(uw) | Switching Power(uw) | Leakage Power(uw) | Total Power(uw) 
-----+---------------------------+--------------------+---------------------+-------------------+-----------------
1    |*clk_gate_values_reg[1]_reg|            2.290912|             4.094620|           0.059138|         6.444671
2    |*values_reg[1][15]         |            3.191108|             3.448986|           0.079112|         6.719205
3    |*values_reg[1][14]         |            3.191108|             3.448986|           0.079112|         6.719205
4    |*values_reg[1][13]         |            3.191109|             3.441393|           0.079112|         6.711615
5    |*values_reg[1][12]         |            3.191108|             3.443730|           0.079112|         6.713951
6    |*values_reg[1][11]         |            3.191108|             3.445775|           0.079112|         6.715995
7    |*values_reg[1][10]         |            3.191108|             3.446649|           0.079112|         6.716869
8    |*values_reg[1][9]          |            3.191108|             3.443438|           0.079112|         6.713658
9    |*values_reg[1][8]          |            3.191110|             3.438469|           0.079112|         6.708691
10   |*values_reg[1][7]          |            3.191109|             3.440806|           0.079112|         6.711028
11   |*values_reg[1][6]          |            3.191109|             3.440806|           0.079112|         6.711028
12   |*values_reg[1][5]          |            3.191083|             3.433213|           0.079112|         6.703410
13   |*values_reg[1][4]          |            3.191107|             3.435550|           0.079112|         6.705770
14   |*values_reg[1][3]          |            3.191110|             3.437595|           0.079112|         6.707818
15   |*values_reg[1][2]          |            3.191110|             3.438469|           0.079112|         6.708691
16   |*values_reg[1][1]          |            3.191104|             3.435258|           0.079112|         6.705475
17   |*values_reg[1][0]          |            3.191054|             3.430289|           0.079112|         6.700456
18   |*clk_gate_values_reg[0]_reg|            2.290912|             4.094620|           0.059138|         6.444671
19   |*values_reg[0][15]         |            3.191104|             3.465345|           0.079112|         6.735562
20   |*values_reg[0][14]         |            3.191104|             3.465345|           0.079112|         6.735562
21   |*values_reg[0][13]         |            3.191106|             3.457752|           0.079112|         6.727971
22   |*values_reg[0][12]         |            3.191105|             3.460090|           0.079112|         6.730308
23   |*values_reg[0][11]         |            3.191104|             3.462135|           0.079112|         6.732351
24   |*values_reg[0][10]         |            3.191104|             3.463008|           0.079112|         6.733225
25   |*values_reg[0][9]          |            3.191105|             3.459797|           0.079112|         6.730015
26   |*values_reg[0][8]          |            3.191107|             3.454829|           0.079112|         6.725048
27   |*values_reg[0][7]          |            3.191106|             3.457165|           0.079112|         6.727384
28   |*values_reg[0][6]          |            3.191106|             3.457165|           0.079112|         6.727384
29   |*values_reg[0][5]          |            3.191108|             3.449573|           0.079112|         6.719793
30   |*values_reg[0][4]          |            3.191107|             3.451910|           0.079112|         6.722129
31   |*values_reg[0][3]          |            3.191107|             3.453955|           0.079112|         6.724174
32   |*values_reg[0][2]          |            3.191107|             3.454829|           0.079112|         6.725048
33   |*values_reg[0][1]          |            3.191107|             3.451618|           0.079112|         6.721837
34   |*values_reg[0][0]          |            3.191108|             3.446649|           0.079112|         6.716869
35   |*i_0_0_0                   |            1.062409|             0.833934|           0.025066|         1.921409
36   |*i_0_0_1                   |            1.062409|             0.833934|           0.025066|         1.921409
37   |*i_0_0_2                   |            1.062409|             0.833934|           0.025066|         1.921409
38   |*i_0_0_3                   |            1.062409|             0.833934|           0.025066|         1.921409
39   |*i_0_0_4                   |            1.062409|             0.833934|           0.025066|         1.921409
40   |*i_0_0_5                   |            1.062409|             0.833934|           0.025066|         1.921409
41   |*i_0_0_6                   |            1.062409|             0.833934|           0.025066|         1.921409
42   |*i_0_0_7                   |            1.062409|             0.833934|           0.025066|         1.921409
43   |*i_0_0_8                   |            1.062409|             0.833934|           0.025066|         1.921409
44   |*i_0_0_9                   |            1.062409|             0.833934|           0.025066|         1.921409
45   |*i_0_0_10                  |            1.062409|             0.833934|           0.025066|         1.921409
46   |*i_0_0_11                  |            1.062409|             0.833934|           0.025066|         1.921409
47   |*i_0_0_12                  |            1.062409|             0.833934|           0.025066|         1.921409
48   |*i_0_0_13                  |            1.062409|             0.833934|           0.025066|         1.921409
49   |*i_0_0_14                  |            1.062409|             0.833934|           0.025066|         1.921409
50   |*i_0_0_15                  |            1.062409|             0.833934|           0.025066|         1.921409
51   |*i_0_0_16                  |            1.139884|             0.487063|           0.022619|         1.649567
52   |*i_0_0_17                  |            0.924399|             0.487063|           0.022619|         1.434081
53   |*i_0_0_18                  |            0.000074|             0.000177|           0.018127|         0.018378
54   |*i_0_0_19                  |            0.314092|             0.334853|           0.032601|         0.681547
55   |*i_0_0_20                  |            0.295888|             0.327331|           0.032601|         0.655821
56   |*i_0_0_21                  |            0.314340|             0.321906|           0.032601|         0.668848
57   |*i_0_0_22                  |            0.314487|             0.314247|           0.032601|         0.661335
58   |*i_0_0_23                  |            1.032934|             1.407863|           0.014353|         2.455151
59   |*i_0_0_24                  |            1.028024|             1.472222|           0.014353|         2.514599
60   |*i_0_0_25                  |            0.611525|            15.659553|           0.014353|        16.285431
61   |                           |                    |                     |                   |                 
62   |*TOTAL                     |          129.671341|           152.705078|           3.287756|       285.664154
-----+---------------------------+--------------------+---------------------+-------------------+-----------------
